15:30:04,[OpenPE],ERROR,[de.fhg.fokus.ngni.broker.openpe.model.drools.PolicyValidation:22] - [1,0]: [ERR 101] Line 1:0 no viable alternative at input '<'
15:31:42,[OpenPE],ERROR,[de.fhg.fokus.ngni.broker.eval.drools.DrlPolicyEvaluationImpl:79] - Message has been ALLOWED
16:10:23,[OpenPE],ERROR,[de.fhg.fokus.ngni.broker.eval.drools.DrlPolicyEvaluationImpl:79] - Message has been ALLOWED
16:43:07,[OpenPE],ERROR,[de.fhg.fokus.ngni.broker.eval.drools.DrlPolicyEvaluationImpl:79] - Message has been ALLOWED
16:43:07,[OpenPE],DEBUG,[de.fhg.fokus.ngni.openpe.action.drl.denyrequest.DenyRequestEnforcer:33] - Denied because Because of the user
16:43:07,[OpenPE],ERROR,[de.fhg.fokus.ngni.broker.eval.drools.DrlPolicyEvaluationImpl:84] - Message has been DENIED
16:44:34,[OpenPE],DEBUG,[de.fhg.fokus.ngni.openpe.pem1.PolicyEvaluation:234] - elapsed policy evaluation time in milliseconds is 785
16:44:34,[OpenPE],DEBUG,[de.fhg.fokus.ngni.openpe.pem1.PolicyEvaluation:235] - Access Denied: 2401 - Message Denied
16:46:35,[OpenPE],DEBUG,[de.fhg.fokus.ngni.openpe.pem1.PolicyEvaluation:234] - elapsed policy evaluation time in milliseconds is 171
16:46:35,[OpenPE],DEBUG,[de.fhg.fokus.ngni.openpe.pem1.PolicyEvaluation:235] - Access Denied: 2401 - Message Denied
16:48:03,[OpenPE],DEBUG,[de.fhg.fokus.ngni.openpe.pem1.PolicyEvaluation:234] - elapsed policy evaluation time in milliseconds is 157
16:48:03,[OpenPE],DEBUG,[de.fhg.fokus.ngni.openpe.pem1.PolicyEvaluation:235] - Access Denied: 2401 - Message Denied
16:49:45,[OpenPE],DEBUG,[de.fhg.fokus.ngni.openpe.pem1.PolicyEvaluation:234] - elapsed policy evaluation time in milliseconds is 153
16:49:45,[OpenPE],DEBUG,[de.fhg.fokus.ngni.openpe.pem1.PolicyEvaluation:235] - Access Denied: 2401 - Message Denied
16:52:02,[OpenPE],DEBUG,[de.fhg.fokus.ngni.openpe.pem1.PolicyEvaluation:234] - elapsed policy evaluation time in milliseconds is 218
16:52:02,[OpenPE],DEBUG,[de.fhg.fokus.ngni.openpe.pem1.PolicyEvaluation:235] - Access Denied: 2401 - Message Denied
16:52:59,[OpenPE],DEBUG,[de.fhg.fokus.ngni.openpe.pem1.PolicyEvaluation:234] - elapsed policy evaluation time in milliseconds is 606
16:52:59,[OpenPE],DEBUG,[de.fhg.fokus.ngni.openpe.pem1.PolicyEvaluation:235] - Access Denied: 2401 - Message Denied
16:55:36,[OpenPE],DEBUG,[de.fhg.fokus.ngni.openpe.pem1.PolicyEvaluation:234] - elapsed policy evaluation time in milliseconds is 18560
16:56:49,[OpenPE],DEBUG,[de.fhg.fokus.ngni.openpe.pem1.PolicyEvaluation:234] - elapsed policy evaluation time in milliseconds is 601
16:56:49,[OpenPE],DEBUG,[de.fhg.fokus.ngni.openpe.pem1.PolicyEvaluation:235] - Access Denied: 2401 - Message Denied
17:05:34,[OpenPE],DEBUG,[de.fhg.fokus.ngni.openpe.pem1.PolicyEvaluation:234] - elapsed policy evaluation time in milliseconds is 4066
17:05:34,[OpenPE],DEBUG,[de.fhg.fokus.ngni.openpe.pem1.PolicyEvaluation:235] - Access Denied: 2401 - Message Denied
14:21:57,[OpenPE],ERROR,[de.fhg.fokus.ngni.broker.openpe.context.impl.RuleActionsRegistryImpl:40] -  doPrint
java.lang.ClassNotFoundException:  doPrint
	at java.net.URLClassLoader$1.run(URLClassLoader.java:202) [na:1.6.0_24]
	at java.security.AccessController.doPrivileged(Native Method) [na:1.6.0_24]
	at java.net.URLClassLoader.findClass(URLClassLoader.java:190) [na:1.6.0_24]
	at java.lang.ClassLoader.loadClass(ClassLoader.java:307) [na:1.6.0_24]
	at sun.misc.Launcher$AppClassLoader.loadClass(Launcher.java:301) [na:1.6.0_24]
	at java.lang.ClassLoader.loadClass(ClassLoader.java:248) [na:1.6.0_24]
	at java.lang.Class.forName0(Native Method) [na:1.6.0_24]
	at java.lang.Class.forName(Class.java:169) [na:1.6.0_24]
	at de.fhg.fokus.ngni.broker.openpe.context.impl.RuleActionsRegistryImpl.config(RuleActionsRegistryImpl.java:34) [classes/:na]
	at de.fhg.fokus.ngni.broker.openpe.configuration.OpenPEConfigurationListener.config(OpenPEConfigurationListener.java:51) [classes/:na]
	at de.fhg.fokus.ngni.broker.openpe.configuration.OpenPEConfigurationListener.onInit(OpenPEConfigurationListener.java:45) [classes/:na]
	at de.fhg.fokus.ngni.broker.openpe.configuration.ServiceConfiguration.fireOnInit(ServiceConfiguration.java:305) [classes/:na]
	at de.fhg.fokus.ngni.broker.openpe.configuration.ServiceConfiguration.init(ServiceConfiguration.java:68) [classes/:na]
	at drools.test.DroolsPolicyEvaluationTest.setUp(DroolsPolicyEvaluationTest.java:100) [test-classes/:na]
	at sun.reflect.NativeMethodAccessorImpl.invoke0(Native Method) [na:1.6.0_24]
	at sun.reflect.NativeMethodAccessorImpl.invoke(NativeMethodAccessorImpl.java:39) [na:1.6.0_24]
	at sun.reflect.DelegatingMethodAccessorImpl.invoke(DelegatingMethodAccessorImpl.java:25) [na:1.6.0_24]
	at java.lang.reflect.Method.invoke(Method.java:597) [na:1.6.0_24]
	at org.junit.runners.model.FrameworkMethod$1.runReflectiveCall(FrameworkMethod.java:44) [junit-4.8.2.jar:na]
	at org.junit.internal.runners.model.ReflectiveCallable.run(ReflectiveCallable.java:15) [junit-4.8.2.jar:na]
	at org.junit.runners.model.FrameworkMethod.invokeExplosively(FrameworkMethod.java:41) [junit-4.8.2.jar:na]
	at org.junit.internal.runners.statements.RunBefores.evaluate(RunBefores.java:27) [junit-4.8.2.jar:na]
	at org.junit.runners.BlockJUnit4ClassRunner.runNotIgnored(BlockJUnit4ClassRunner.java:79) [junit-4.8.2.jar:na]
	at org.junit.runners.BlockJUnit4ClassRunner.runChild(BlockJUnit4ClassRunner.java:71) [junit-4.8.2.jar:na]
	at org.junit.runners.BlockJUnit4ClassRunner.runChild(BlockJUnit4ClassRunner.java:49) [junit-4.8.2.jar:na]
	at org.junit.runners.ParentRunner$3.run(ParentRunner.java:193) [junit-4.8.2.jar:na]
	at org.junit.runners.ParentRunner$1.schedule(ParentRunner.java:52) [junit-4.8.2.jar:na]
	at org.junit.runners.ParentRunner.runChildren(ParentRunner.java:191) [junit-4.8.2.jar:na]
	at org.junit.runners.ParentRunner.access$000(ParentRunner.java:42) [junit-4.8.2.jar:na]
	at org.junit.runners.ParentRunner$2.evaluate(ParentRunner.java:184) [junit-4.8.2.jar:na]
	at org.junit.runners.ParentRunner.run(ParentRunner.java:236) [junit-4.8.2.jar:na]
	at org.eclipse.jdt.internal.junit4.runner.JUnit4TestReference.run(JUnit4TestReference.java:49) [.cp/:na]
	at org.eclipse.jdt.internal.junit.runner.TestExecution.run(TestExecution.java:38) [.cp/:na]
	at org.eclipse.jdt.internal.junit.runner.RemoteTestRunner.runTests(RemoteTestRunner.java:467) [.cp/:na]
	at org.eclipse.jdt.internal.junit.runner.RemoteTestRunner.runTests(RemoteTestRunner.java:683) [.cp/:na]
	at org.eclipse.jdt.internal.junit.runner.RemoteTestRunner.run(RemoteTestRunner.java:390) [.cp/:na]
	at org.eclipse.jdt.internal.junit.runner.RemoteTestRunner.main(RemoteTestRunner.java:197) [.cp/:na]
14:21:57,[OpenPE],ERROR,[de.fhg.fokus.ngni.broker.openpe.configuration.OpenPEConfiguration:57] - Lookup failed for: []jdbc/PE_JNDI
de.fhg.fokus.ngni.broker.openpe.context.ConfigurationException: Lookup failed for: []jdbc/PE_JNDI
	at de.fhg.fokus.ngni.broker.openpe.db.drools.impl.DrlPolicyRepositoryImpl.config(DrlPolicyRepositoryImpl.java:53) [classes/:na]
	at de.fhg.fokus.ngni.broker.openpe.db.impl.PolicyRepositoryManagerImpl.config(PolicyRepositoryManagerImpl.java:25) [classes/:na]
	at de.fhg.fokus.ngni.broker.openpe.context.impl.OpenPEContextImpl.configRepos(OpenPEContextImpl.java:110) [classes/:na]
	at de.fhg.fokus.ngni.broker.openpe.configuration.OpenPEConfigurationListener.config(OpenPEConfigurationListener.java:52) [classes/:na]
	at de.fhg.fokus.ngni.broker.openpe.configuration.OpenPEConfigurationListener.onInit(OpenPEConfigurationListener.java:45) [classes/:na]
	at de.fhg.fokus.ngni.broker.openpe.configuration.ServiceConfiguration.fireOnInit(ServiceConfiguration.java:305) [classes/:na]
	at de.fhg.fokus.ngni.broker.openpe.configuration.ServiceConfiguration.init(ServiceConfiguration.java:68) [classes/:na]
	at drools.test.DroolsPolicyEvaluationTest.setUp(DroolsPolicyEvaluationTest.java:100) [test-classes/:na]
	at sun.reflect.NativeMethodAccessorImpl.invoke0(Native Method) [na:1.6.0_24]
	at sun.reflect.NativeMethodAccessorImpl.invoke(NativeMethodAccessorImpl.java:39) [na:1.6.0_24]
	at sun.reflect.DelegatingMethodAccessorImpl.invoke(DelegatingMethodAccessorImpl.java:25) [na:1.6.0_24]
	at java.lang.reflect.Method.invoke(Method.java:597) [na:1.6.0_24]
	at org.junit.runners.model.FrameworkMethod$1.runReflectiveCall(FrameworkMethod.java:44) [junit-4.8.2.jar:na]
	at org.junit.internal.runners.model.ReflectiveCallable.run(ReflectiveCallable.java:15) [junit-4.8.2.jar:na]
	at org.junit.runners.model.FrameworkMethod.invokeExplosively(FrameworkMethod.java:41) [junit-4.8.2.jar:na]
	at org.junit.internal.runners.statements.RunBefores.evaluate(RunBefores.java:27) [junit-4.8.2.jar:na]
	at org.junit.runners.BlockJUnit4ClassRunner.runNotIgnored(BlockJUnit4ClassRunner.java:79) [junit-4.8.2.jar:na]
	at org.junit.runners.BlockJUnit4ClassRunner.runChild(BlockJUnit4ClassRunner.java:71) [junit-4.8.2.jar:na]
	at org.junit.runners.BlockJUnit4ClassRunner.runChild(BlockJUnit4ClassRunner.java:49) [junit-4.8.2.jar:na]
	at org.junit.runners.ParentRunner$3.run(ParentRunner.java:193) [junit-4.8.2.jar:na]
	at org.junit.runners.ParentRunner$1.schedule(ParentRunner.java:52) [junit-4.8.2.jar:na]
	at org.junit.runners.ParentRunner.runChildren(ParentRunner.java:191) [junit-4.8.2.jar:na]
	at org.junit.runners.ParentRunner.access$000(ParentRunner.java:42) [junit-4.8.2.jar:na]
	at org.junit.runners.ParentRunner$2.evaluate(ParentRunner.java:184) [junit-4.8.2.jar:na]
	at org.junit.runners.ParentRunner.run(ParentRunner.java:236) [junit-4.8.2.jar:na]
	at org.eclipse.jdt.internal.junit4.runner.JUnit4TestReference.run(JUnit4TestReference.java:49) [.cp/:na]
	at org.eclipse.jdt.internal.junit.runner.TestExecution.run(TestExecution.java:38) [.cp/:na]
	at org.eclipse.jdt.internal.junit.runner.RemoteTestRunner.runTests(RemoteTestRunner.java:467) [.cp/:na]
	at org.eclipse.jdt.internal.junit.runner.RemoteTestRunner.runTests(RemoteTestRunner.java:683) [.cp/:na]
	at org.eclipse.jdt.internal.junit.runner.RemoteTestRunner.run(RemoteTestRunner.java:390) [.cp/:na]
	at org.eclipse.jdt.internal.junit.runner.RemoteTestRunner.main(RemoteTestRunner.java:197) [.cp/:na]
Caused by: javax.naming.NoInitialContextException: Need to specify class name in environment or system property, or as an applet parameter, or in an application resource file:  java.naming.factory.initial
	at javax.naming.spi.NamingManager.getInitialContext(NamingManager.java:645) [na:1.6.0_24]
	at javax.naming.InitialContext.getDefaultInitCtx(InitialContext.java:288) [na:1.6.0_24]
	at javax.naming.InitialContext.getURLOrDefaultInitCtx(InitialContext.java:325) [na:1.6.0_24]
	at javax.naming.InitialContext.lookup(InitialContext.java:392) [na:1.6.0_24]
	at javax.naming.InitialContext.doLookup(InitialContext.java:265) [na:1.6.0_24]
	at de.fhg.fokus.ngni.broker.openpe.db.drools.impl.DrlPolicyRepositoryImpl.config(DrlPolicyRepositoryImpl.java:50) [classes/:na]
	... 30 common frames omitted
14:22:00,[OpenPE],ERROR,[de.fhg.fokus.ngni.broker.eval.drools.DrlPolicyEvaluationImpl:79] - Message has been ALLOWED
14:22:00,[OpenPE],DEBUG,[de.fhg.fokus.ngni.openpe.action.drl.denyrequest.DenyRequestEnforcer:33] - Denied because Because of the user
14:22:00,[OpenPE],ERROR,[de.fhg.fokus.ngni.broker.eval.drools.DrlPolicyEvaluationImpl:84] - Message has been DENIED
15:15:08,[OpenPE],DEBUG,[de.fhg.fokus.ngni.broker.openpe.context.impl.RuleActionsRegistryImpl:25] - Just actions which explicit register will be taken into consideration
15:15:08,[OpenPE],ERROR,[de.fhg.fokus.ngni.broker.openpe.configuration.OpenPEConfiguration:57] - Lookup failed for: []jdbc/PE_JNDI
de.fhg.fokus.ngni.broker.openpe.context.ConfigurationException: Lookup failed for: []jdbc/PE_JNDI
	at de.fhg.fokus.ngni.broker.openpe.db.drools.impl.DrlPolicyRepositoryImpl.config(DrlPolicyRepositoryImpl.java:53) [classes/:na]
	at de.fhg.fokus.ngni.broker.openpe.db.impl.PolicyRepositoryManagerImpl.config(PolicyRepositoryManagerImpl.java:25) [classes/:na]
	at de.fhg.fokus.ngni.broker.openpe.context.impl.OpenPEContextImpl.configRepos(OpenPEContextImpl.java:110) [classes/:na]
	at de.fhg.fokus.ngni.broker.openpe.configuration.OpenPEConfigurationListener.config(OpenPEConfigurationListener.java:52) [classes/:na]
	at de.fhg.fokus.ngni.broker.openpe.configuration.OpenPEConfigurationListener.onInit(OpenPEConfigurationListener.java:45) [classes/:na]
	at de.fhg.fokus.ngni.broker.openpe.configuration.ServiceConfiguration.fireOnInit(ServiceConfiguration.java:305) [classes/:na]
	at de.fhg.fokus.ngni.broker.openpe.configuration.ServiceConfiguration.init(ServiceConfiguration.java:68) [classes/:na]
	at drools.test.DroolsPolicyEvaluationTest.setUp(DroolsPolicyEvaluationTest.java:102) [test-classes/:na]
	at sun.reflect.NativeMethodAccessorImpl.invoke0(Native Method) [na:1.6.0_24]
	at sun.reflect.NativeMethodAccessorImpl.invoke(NativeMethodAccessorImpl.java:39) [na:1.6.0_24]
	at sun.reflect.DelegatingMethodAccessorImpl.invoke(DelegatingMethodAccessorImpl.java:25) [na:1.6.0_24]
	at java.lang.reflect.Method.invoke(Method.java:597) [na:1.6.0_24]
	at org.junit.runners.model.FrameworkMethod$1.runReflectiveCall(FrameworkMethod.java:44) [junit-4.8.2.jar:na]
	at org.junit.internal.runners.model.ReflectiveCallable.run(ReflectiveCallable.java:15) [junit-4.8.2.jar:na]
	at org.junit.runners.model.FrameworkMethod.invokeExplosively(FrameworkMethod.java:41) [junit-4.8.2.jar:na]
	at org.junit.internal.runners.statements.RunBefores.evaluate(RunBefores.java:27) [junit-4.8.2.jar:na]
	at org.junit.runners.BlockJUnit4ClassRunner.runNotIgnored(BlockJUnit4ClassRunner.java:79) [junit-4.8.2.jar:na]
	at org.junit.runners.BlockJUnit4ClassRunner.runChild(BlockJUnit4ClassRunner.java:71) [junit-4.8.2.jar:na]
	at org.junit.runners.BlockJUnit4ClassRunner.runChild(BlockJUnit4ClassRunner.java:49) [junit-4.8.2.jar:na]
	at org.junit.runners.ParentRunner$3.run(ParentRunner.java:193) [junit-4.8.2.jar:na]
	at org.junit.runners.ParentRunner$1.schedule(ParentRunner.java:52) [junit-4.8.2.jar:na]
	at org.junit.runners.ParentRunner.runChildren(ParentRunner.java:191) [junit-4.8.2.jar:na]
	at org.junit.runners.ParentRunner.access$000(ParentRunner.java:42) [junit-4.8.2.jar:na]
	at org.junit.runners.ParentRunner$2.evaluate(ParentRunner.java:184) [junit-4.8.2.jar:na]
	at org.junit.runners.ParentRunner.run(ParentRunner.java:236) [junit-4.8.2.jar:na]
	at org.eclipse.jdt.internal.junit4.runner.JUnit4TestReference.run(JUnit4TestReference.java:49) [.cp/:na]
	at org.eclipse.jdt.internal.junit.runner.TestExecution.run(TestExecution.java:38) [.cp/:na]
	at org.eclipse.jdt.internal.junit.runner.RemoteTestRunner.runTests(RemoteTestRunner.java:467) [.cp/:na]
	at org.eclipse.jdt.internal.junit.runner.RemoteTestRunner.runTests(RemoteTestRunner.java:683) [.cp/:na]
	at org.eclipse.jdt.internal.junit.runner.RemoteTestRunner.run(RemoteTestRunner.java:390) [.cp/:na]
	at org.eclipse.jdt.internal.junit.runner.RemoteTestRunner.main(RemoteTestRunner.java:197) [.cp/:na]
Caused by: javax.naming.NoInitialContextException: Need to specify class name in environment or system property, or as an applet parameter, or in an application resource file:  java.naming.factory.initial
	at javax.naming.spi.NamingManager.getInitialContext(NamingManager.java:645) [na:1.6.0_24]
	at javax.naming.InitialContext.getDefaultInitCtx(InitialContext.java:288) [na:1.6.0_24]
	at javax.naming.InitialContext.getURLOrDefaultInitCtx(InitialContext.java:325) [na:1.6.0_24]
	at javax.naming.InitialContext.lookup(InitialContext.java:392) [na:1.6.0_24]
	at javax.naming.InitialContext.doLookup(InitialContext.java:265) [na:1.6.0_24]
	at de.fhg.fokus.ngni.broker.openpe.db.drools.impl.DrlPolicyRepositoryImpl.config(DrlPolicyRepositoryImpl.java:50) [classes/:na]
	... 30 common frames omitted
15:16:44,[OpenPE],DEBUG,[de.fhg.fokus.ngni.broker.openpe.context.impl.RuleActionsRegistryImpl:25] - Just actions which explicit register will be taken into consideration
15:16:44,[OpenPE],ERROR,[de.fhg.fokus.ngni.broker.openpe.configuration.OpenPEConfiguration:57] - Lookup failed for: []jdbc/PE_JNDI
de.fhg.fokus.ngni.broker.openpe.context.ConfigurationException: Lookup failed for: []jdbc/PE_JNDI
	at de.fhg.fokus.ngni.broker.openpe.db.drools.impl.DrlPolicyRepositoryImpl.config(DrlPolicyRepositoryImpl.java:53) [classes/:na]
	at de.fhg.fokus.ngni.broker.openpe.db.impl.PolicyRepositoryManagerImpl.config(PolicyRepositoryManagerImpl.java:25) [classes/:na]
	at de.fhg.fokus.ngni.broker.openpe.context.impl.OpenPEContextImpl.configRepos(OpenPEContextImpl.java:110) [classes/:na]
	at de.fhg.fokus.ngni.broker.openpe.configuration.OpenPEConfigurationListener.config(OpenPEConfigurationListener.java:52) [classes/:na]
	at de.fhg.fokus.ngni.broker.openpe.configuration.OpenPEConfigurationListener.onInit(OpenPEConfigurationListener.java:45) [classes/:na]
	at de.fhg.fokus.ngni.broker.openpe.configuration.ServiceConfiguration.fireOnInit(ServiceConfiguration.java:305) [classes/:na]
	at de.fhg.fokus.ngni.broker.openpe.configuration.ServiceConfiguration.init(ServiceConfiguration.java:68) [classes/:na]
	at drools.test.DroolsPolicyEvaluationTest.setUp(DroolsPolicyEvaluationTest.java:102) [test-classes/:na]
	at sun.reflect.NativeMethodAccessorImpl.invoke0(Native Method) [na:1.6.0_24]
	at sun.reflect.NativeMethodAccessorImpl.invoke(NativeMethodAccessorImpl.java:39) [na:1.6.0_24]
	at sun.reflect.DelegatingMethodAccessorImpl.invoke(DelegatingMethodAccessorImpl.java:25) [na:1.6.0_24]
	at java.lang.reflect.Method.invoke(Method.java:597) [na:1.6.0_24]
	at org.junit.runners.model.FrameworkMethod$1.runReflectiveCall(FrameworkMethod.java:44) [junit-4.8.2.jar:na]
	at org.junit.internal.runners.model.ReflectiveCallable.run(ReflectiveCallable.java:15) [junit-4.8.2.jar:na]
	at org.junit.runners.model.FrameworkMethod.invokeExplosively(FrameworkMethod.java:41) [junit-4.8.2.jar:na]
	at org.junit.internal.runners.statements.RunBefores.evaluate(RunBefores.java:27) [junit-4.8.2.jar:na]
	at org.junit.runners.BlockJUnit4ClassRunner.runNotIgnored(BlockJUnit4ClassRunner.java:79) [junit-4.8.2.jar:na]
	at org.junit.runners.BlockJUnit4ClassRunner.runChild(BlockJUnit4ClassRunner.java:71) [junit-4.8.2.jar:na]
	at org.junit.runners.BlockJUnit4ClassRunner.runChild(BlockJUnit4ClassRunner.java:49) [junit-4.8.2.jar:na]
	at org.junit.runners.ParentRunner$3.run(ParentRunner.java:193) [junit-4.8.2.jar:na]
	at org.junit.runners.ParentRunner$1.schedule(ParentRunner.java:52) [junit-4.8.2.jar:na]
	at org.junit.runners.ParentRunner.runChildren(ParentRunner.java:191) [junit-4.8.2.jar:na]
	at org.junit.runners.ParentRunner.access$000(ParentRunner.java:42) [junit-4.8.2.jar:na]
	at org.junit.runners.ParentRunner$2.evaluate(ParentRunner.java:184) [junit-4.8.2.jar:na]
	at org.junit.runners.ParentRunner.run(ParentRunner.java:236) [junit-4.8.2.jar:na]
	at org.eclipse.jdt.internal.junit4.runner.JUnit4TestReference.run(JUnit4TestReference.java:49) [.cp/:na]
	at org.eclipse.jdt.internal.junit.runner.TestExecution.run(TestExecution.java:38) [.cp/:na]
	at org.eclipse.jdt.internal.junit.runner.RemoteTestRunner.runTests(RemoteTestRunner.java:467) [.cp/:na]
	at org.eclipse.jdt.internal.junit.runner.RemoteTestRunner.runTests(RemoteTestRunner.java:683) [.cp/:na]
	at org.eclipse.jdt.internal.junit.runner.RemoteTestRunner.run(RemoteTestRunner.java:390) [.cp/:na]
	at org.eclipse.jdt.internal.junit.runner.RemoteTestRunner.main(RemoteTestRunner.java:197) [.cp/:na]
Caused by: javax.naming.NoInitialContextException: Need to specify class name in environment or system property, or as an applet parameter, or in an application resource file:  java.naming.factory.initial
	at javax.naming.spi.NamingManager.getInitialContext(NamingManager.java:645) [na:1.6.0_24]
	at javax.naming.InitialContext.getDefaultInitCtx(InitialContext.java:288) [na:1.6.0_24]
	at javax.naming.InitialContext.getURLOrDefaultInitCtx(InitialContext.java:325) [na:1.6.0_24]
	at javax.naming.InitialContext.lookup(InitialContext.java:392) [na:1.6.0_24]
	at javax.naming.InitialContext.doLookup(InitialContext.java:265) [na:1.6.0_24]
	at de.fhg.fokus.ngni.broker.openpe.db.drools.impl.DrlPolicyRepositoryImpl.config(DrlPolicyRepositoryImpl.java:50) [classes/:na]
	... 30 common frames omitted
15:17:24,[OpenPE],DEBUG,[de.fhg.fokus.ngni.broker.openpe.context.impl.RuleActionsRegistryImpl:25] - Just actions which explicit register will be taken into consideration
15:17:24,[OpenPE],ERROR,[de.fhg.fokus.ngni.broker.openpe.configuration.OpenPEConfiguration:57] - Lookup failed for: []jdbc/PE_JNDI
de.fhg.fokus.ngni.broker.openpe.context.ConfigurationException: Lookup failed for: []jdbc/PE_JNDI
	at de.fhg.fokus.ngni.broker.openpe.db.drools.impl.DrlPolicyRepositoryImpl.config(DrlPolicyRepositoryImpl.java:53) [classes/:na]
	at de.fhg.fokus.ngni.broker.openpe.db.impl.PolicyRepositoryManagerImpl.config(PolicyRepositoryManagerImpl.java:25) [classes/:na]
	at de.fhg.fokus.ngni.broker.openpe.context.impl.OpenPEContextImpl.configRepos(OpenPEContextImpl.java:110) [classes/:na]
	at de.fhg.fokus.ngni.broker.openpe.configuration.OpenPEConfigurationListener.config(OpenPEConfigurationListener.java:52) [classes/:na]
	at de.fhg.fokus.ngni.broker.openpe.configuration.OpenPEConfigurationListener.onInit(OpenPEConfigurationListener.java:45) [classes/:na]
	at de.fhg.fokus.ngni.broker.openpe.configuration.ServiceConfiguration.fireOnInit(ServiceConfiguration.java:305) [classes/:na]
	at de.fhg.fokus.ngni.broker.openpe.configuration.ServiceConfiguration.init(ServiceConfiguration.java:68) [classes/:na]
	at drools.test.DroolsPolicyEvaluationTest.setUp(DroolsPolicyEvaluationTest.java:102) [test-classes/:na]
	at sun.reflect.NativeMethodAccessorImpl.invoke0(Native Method) [na:1.6.0_24]
	at sun.reflect.NativeMethodAccessorImpl.invoke(NativeMethodAccessorImpl.java:39) [na:1.6.0_24]
	at sun.reflect.DelegatingMethodAccessorImpl.invoke(DelegatingMethodAccessorImpl.java:25) [na:1.6.0_24]
	at java.lang.reflect.Method.invoke(Method.java:597) [na:1.6.0_24]
	at org.junit.runners.model.FrameworkMethod$1.runReflectiveCall(FrameworkMethod.java:44) [junit-4.8.2.jar:na]
	at org.junit.internal.runners.model.ReflectiveCallable.run(ReflectiveCallable.java:15) [junit-4.8.2.jar:na]
	at org.junit.runners.model.FrameworkMethod.invokeExplosively(FrameworkMethod.java:41) [junit-4.8.2.jar:na]
	at org.junit.internal.runners.statements.RunBefores.evaluate(RunBefores.java:27) [junit-4.8.2.jar:na]
	at org.junit.runners.BlockJUnit4ClassRunner.runNotIgnored(BlockJUnit4ClassRunner.java:79) [junit-4.8.2.jar:na]
	at org.junit.runners.BlockJUnit4ClassRunner.runChild(BlockJUnit4ClassRunner.java:71) [junit-4.8.2.jar:na]
	at org.junit.runners.BlockJUnit4ClassRunner.runChild(BlockJUnit4ClassRunner.java:49) [junit-4.8.2.jar:na]
	at org.junit.runners.ParentRunner$3.run(ParentRunner.java:193) [junit-4.8.2.jar:na]
	at org.junit.runners.ParentRunner$1.schedule(ParentRunner.java:52) [junit-4.8.2.jar:na]
	at org.junit.runners.ParentRunner.runChildren(ParentRunner.java:191) [junit-4.8.2.jar:na]
	at org.junit.runners.ParentRunner.access$000(ParentRunner.java:42) [junit-4.8.2.jar:na]
	at org.junit.runners.ParentRunner$2.evaluate(ParentRunner.java:184) [junit-4.8.2.jar:na]
	at org.junit.runners.ParentRunner.run(ParentRunner.java:236) [junit-4.8.2.jar:na]
	at org.eclipse.jdt.internal.junit4.runner.JUnit4TestReference.run(JUnit4TestReference.java:49) [.cp/:na]
	at org.eclipse.jdt.internal.junit.runner.TestExecution.run(TestExecution.java:38) [.cp/:na]
	at org.eclipse.jdt.internal.junit.runner.RemoteTestRunner.runTests(RemoteTestRunner.java:467) [.cp/:na]
	at org.eclipse.jdt.internal.junit.runner.RemoteTestRunner.runTests(RemoteTestRunner.java:683) [.cp/:na]
	at org.eclipse.jdt.internal.junit.runner.RemoteTestRunner.run(RemoteTestRunner.java:390) [.cp/:na]
	at org.eclipse.jdt.internal.junit.runner.RemoteTestRunner.main(RemoteTestRunner.java:197) [.cp/:na]
Caused by: javax.naming.NoInitialContextException: Need to specify class name in environment or system property, or as an applet parameter, or in an application resource file:  java.naming.factory.initial
	at javax.naming.spi.NamingManager.getInitialContext(NamingManager.java:645) [na:1.6.0_24]
	at javax.naming.InitialContext.getDefaultInitCtx(InitialContext.java:288) [na:1.6.0_24]
	at javax.naming.InitialContext.getURLOrDefaultInitCtx(InitialContext.java:325) [na:1.6.0_24]
	at javax.naming.InitialContext.lookup(InitialContext.java:392) [na:1.6.0_24]
	at javax.naming.InitialContext.doLookup(InitialContext.java:265) [na:1.6.0_24]
	at de.fhg.fokus.ngni.broker.openpe.db.drools.impl.DrlPolicyRepositoryImpl.config(DrlPolicyRepositoryImpl.java:50) [classes/:na]
	... 30 common frames omitted
15:18:02,[OpenPE],DEBUG,[de.fhg.fokus.ngni.broker.openpe.context.impl.RuleActionsRegistryImpl:25] - Just actions which explicit register will be taken into consideration
15:18:02,[OpenPE],ERROR,[de.fhg.fokus.ngni.broker.openpe.configuration.OpenPEConfiguration:57] - Lookup failed for: []jdbc/PE_JNDI
de.fhg.fokus.ngni.broker.openpe.context.ConfigurationException: Lookup failed for: []jdbc/PE_JNDI
	at de.fhg.fokus.ngni.broker.openpe.db.drools.impl.DrlPolicyRepositoryImpl.config(DrlPolicyRepositoryImpl.java:53) [classes/:na]
	at de.fhg.fokus.ngni.broker.openpe.db.impl.PolicyRepositoryManagerImpl.config(PolicyRepositoryManagerImpl.java:25) [classes/:na]
	at de.fhg.fokus.ngni.broker.openpe.context.impl.OpenPEContextImpl.configRepos(OpenPEContextImpl.java:110) [classes/:na]
	at de.fhg.fokus.ngni.broker.openpe.configuration.OpenPEConfigurationListener.config(OpenPEConfigurationListener.java:52) [classes/:na]
	at de.fhg.fokus.ngni.broker.openpe.configuration.OpenPEConfigurationListener.onInit(OpenPEConfigurationListener.java:45) [classes/:na]
	at de.fhg.fokus.ngni.broker.openpe.configuration.ServiceConfiguration.fireOnInit(ServiceConfiguration.java:305) [classes/:na]
	at de.fhg.fokus.ngni.broker.openpe.configuration.ServiceConfiguration.init(ServiceConfiguration.java:68) [classes/:na]
	at drools.test.DroolsPolicyEvaluationTest.setUp(DroolsPolicyEvaluationTest.java:102) [test-classes/:na]
	at sun.reflect.NativeMethodAccessorImpl.invoke0(Native Method) [na:1.6.0_24]
	at sun.reflect.NativeMethodAccessorImpl.invoke(NativeMethodAccessorImpl.java:39) [na:1.6.0_24]
	at sun.reflect.DelegatingMethodAccessorImpl.invoke(DelegatingMethodAccessorImpl.java:25) [na:1.6.0_24]
	at java.lang.reflect.Method.invoke(Method.java:597) [na:1.6.0_24]
	at org.junit.runners.model.FrameworkMethod$1.runReflectiveCall(FrameworkMethod.java:44) [junit-4.8.2.jar:na]
	at org.junit.internal.runners.model.ReflectiveCallable.run(ReflectiveCallable.java:15) [junit-4.8.2.jar:na]
	at org.junit.runners.model.FrameworkMethod.invokeExplosively(FrameworkMethod.java:41) [junit-4.8.2.jar:na]
	at org.junit.internal.runners.statements.RunBefores.evaluate(RunBefores.java:27) [junit-4.8.2.jar:na]
	at org.junit.runners.BlockJUnit4ClassRunner.runNotIgnored(BlockJUnit4ClassRunner.java:79) [junit-4.8.2.jar:na]
	at org.junit.runners.BlockJUnit4ClassRunner.runChild(BlockJUnit4ClassRunner.java:71) [junit-4.8.2.jar:na]
	at org.junit.runners.BlockJUnit4ClassRunner.runChild(BlockJUnit4ClassRunner.java:49) [junit-4.8.2.jar:na]
	at org.junit.runners.ParentRunner$3.run(ParentRunner.java:193) [junit-4.8.2.jar:na]
	at org.junit.runners.ParentRunner$1.schedule(ParentRunner.java:52) [junit-4.8.2.jar:na]
	at org.junit.runners.ParentRunner.runChildren(ParentRunner.java:191) [junit-4.8.2.jar:na]
	at org.junit.runners.ParentRunner.access$000(ParentRunner.java:42) [junit-4.8.2.jar:na]
	at org.junit.runners.ParentRunner$2.evaluate(ParentRunner.java:184) [junit-4.8.2.jar:na]
	at org.junit.runners.ParentRunner.run(ParentRunner.java:236) [junit-4.8.2.jar:na]
	at org.eclipse.jdt.internal.junit4.runner.JUnit4TestReference.run(JUnit4TestReference.java:49) [.cp/:na]
	at org.eclipse.jdt.internal.junit.runner.TestExecution.run(TestExecution.java:38) [.cp/:na]
	at org.eclipse.jdt.internal.junit.runner.RemoteTestRunner.runTests(RemoteTestRunner.java:467) [.cp/:na]
	at org.eclipse.jdt.internal.junit.runner.RemoteTestRunner.runTests(RemoteTestRunner.java:683) [.cp/:na]
	at org.eclipse.jdt.internal.junit.runner.RemoteTestRunner.run(RemoteTestRunner.java:390) [.cp/:na]
	at org.eclipse.jdt.internal.junit.runner.RemoteTestRunner.main(RemoteTestRunner.java:197) [.cp/:na]
Caused by: javax.naming.NoInitialContextException: Need to specify class name in environment or system property, or as an applet parameter, or in an application resource file:  java.naming.factory.initial
	at javax.naming.spi.NamingManager.getInitialContext(NamingManager.java:645) [na:1.6.0_24]
	at javax.naming.InitialContext.getDefaultInitCtx(InitialContext.java:288) [na:1.6.0_24]
	at javax.naming.InitialContext.getURLOrDefaultInitCtx(InitialContext.java:325) [na:1.6.0_24]
	at javax.naming.InitialContext.lookup(InitialContext.java:392) [na:1.6.0_24]
	at javax.naming.InitialContext.doLookup(InitialContext.java:265) [na:1.6.0_24]
	at de.fhg.fokus.ngni.broker.openpe.db.drools.impl.DrlPolicyRepositoryImpl.config(DrlPolicyRepositoryImpl.java:50) [classes/:na]
	... 30 common frames omitted
15:20:02,[OpenPE],DEBUG,[de.fhg.fokus.ngni.broker.openpe.context.impl.RuleActionsRegistryImpl:25] - Just actions which explicit register will be taken into consideration
15:20:02,[OpenPE],ERROR,[de.fhg.fokus.ngni.broker.openpe.configuration.OpenPEConfiguration:57] - Lookup failed for: []jdbc/PE_JNDI
de.fhg.fokus.ngni.broker.openpe.context.ConfigurationException: Lookup failed for: []jdbc/PE_JNDI
	at de.fhg.fokus.ngni.broker.openpe.db.drools.impl.DrlPolicyRepositoryImpl.config(DrlPolicyRepositoryImpl.java:53) [classes/:na]
	at de.fhg.fokus.ngni.broker.openpe.db.impl.PolicyRepositoryManagerImpl.config(PolicyRepositoryManagerImpl.java:25) [classes/:na]
	at de.fhg.fokus.ngni.broker.openpe.context.impl.OpenPEContextImpl.configRepos(OpenPEContextImpl.java:110) [classes/:na]
	at de.fhg.fokus.ngni.broker.openpe.configuration.OpenPEConfigurationListener.config(OpenPEConfigurationListener.java:52) [classes/:na]
	at de.fhg.fokus.ngni.broker.openpe.configuration.OpenPEConfigurationListener.onInit(OpenPEConfigurationListener.java:45) [classes/:na]
	at de.fhg.fokus.ngni.broker.openpe.configuration.ServiceConfiguration.fireOnInit(ServiceConfiguration.java:305) [classes/:na]
	at de.fhg.fokus.ngni.broker.openpe.configuration.ServiceConfiguration.init(ServiceConfiguration.java:68) [classes/:na]
	at drools.test.DroolsPolicyEvaluationTest.setUp(DroolsPolicyEvaluationTest.java:108) [test-classes/:na]
	at sun.reflect.NativeMethodAccessorImpl.invoke0(Native Method) [na:1.6.0_24]
	at sun.reflect.NativeMethodAccessorImpl.invoke(NativeMethodAccessorImpl.java:39) [na:1.6.0_24]
	at sun.reflect.DelegatingMethodAccessorImpl.invoke(DelegatingMethodAccessorImpl.java:25) [na:1.6.0_24]
	at java.lang.reflect.Method.invoke(Method.java:597) [na:1.6.0_24]
	at org.junit.runners.model.FrameworkMethod$1.runReflectiveCall(FrameworkMethod.java:44) [junit-4.8.2.jar:na]
	at org.junit.internal.runners.model.ReflectiveCallable.run(ReflectiveCallable.java:15) [junit-4.8.2.jar:na]
	at org.junit.runners.model.FrameworkMethod.invokeExplosively(FrameworkMethod.java:41) [junit-4.8.2.jar:na]
	at org.junit.internal.runners.statements.RunBefores.evaluate(RunBefores.java:27) [junit-4.8.2.jar:na]
	at org.junit.runners.BlockJUnit4ClassRunner.runNotIgnored(BlockJUnit4ClassRunner.java:79) [junit-4.8.2.jar:na]
	at org.junit.runners.BlockJUnit4ClassRunner.runChild(BlockJUnit4ClassRunner.java:71) [junit-4.8.2.jar:na]
	at org.junit.runners.BlockJUnit4ClassRunner.runChild(BlockJUnit4ClassRunner.java:49) [junit-4.8.2.jar:na]
	at org.junit.runners.ParentRunner$3.run(ParentRunner.java:193) [junit-4.8.2.jar:na]
	at org.junit.runners.ParentRunner$1.schedule(ParentRunner.java:52) [junit-4.8.2.jar:na]
	at org.junit.runners.ParentRunner.runChildren(ParentRunner.java:191) [junit-4.8.2.jar:na]
	at org.junit.runners.ParentRunner.access$000(ParentRunner.java:42) [junit-4.8.2.jar:na]
	at org.junit.runners.ParentRunner$2.evaluate(ParentRunner.java:184) [junit-4.8.2.jar:na]
	at org.junit.runners.ParentRunner.run(ParentRunner.java:236) [junit-4.8.2.jar:na]
	at org.eclipse.jdt.internal.junit4.runner.JUnit4TestReference.run(JUnit4TestReference.java:49) [.cp/:na]
	at org.eclipse.jdt.internal.junit.runner.TestExecution.run(TestExecution.java:38) [.cp/:na]
	at org.eclipse.jdt.internal.junit.runner.RemoteTestRunner.runTests(RemoteTestRunner.java:467) [.cp/:na]
	at org.eclipse.jdt.internal.junit.runner.RemoteTestRunner.runTests(RemoteTestRunner.java:683) [.cp/:na]
	at org.eclipse.jdt.internal.junit.runner.RemoteTestRunner.run(RemoteTestRunner.java:390) [.cp/:na]
	at org.eclipse.jdt.internal.junit.runner.RemoteTestRunner.main(RemoteTestRunner.java:197) [.cp/:na]
Caused by: javax.naming.NoInitialContextException: Need to specify class name in environment or system property, or as an applet parameter, or in an application resource file:  java.naming.factory.initial
	at javax.naming.spi.NamingManager.getInitialContext(NamingManager.java:645) [na:1.6.0_24]
	at javax.naming.InitialContext.getDefaultInitCtx(InitialContext.java:288) [na:1.6.0_24]
	at javax.naming.InitialContext.getURLOrDefaultInitCtx(InitialContext.java:325) [na:1.6.0_24]
	at javax.naming.InitialContext.lookup(InitialContext.java:392) [na:1.6.0_24]
	at javax.naming.InitialContext.doLookup(InitialContext.java:265) [na:1.6.0_24]
	at de.fhg.fokus.ngni.broker.openpe.db.drools.impl.DrlPolicyRepositoryImpl.config(DrlPolicyRepositoryImpl.java:50) [classes/:na]
	... 30 common frames omitted
15:20:04,[OpenPE],ERROR,[de.fhg.fokus.ngni.broker.openpe.model.drools.PolicyValidation:22] - Unable to create Field Extractor for 'targetIdentity' of '[ClassObjectType class=de.fhg.fokus.ngni.broker.eval.drools.PEInputRequest]' in rule 'r1' : [Rule name='r1']

15:20:51,[OpenPE],DEBUG,[de.fhg.fokus.ngni.broker.openpe.context.impl.RuleActionsRegistryImpl:25] - Just actions which explicit register will be taken into consideration
15:20:51,[OpenPE],ERROR,[de.fhg.fokus.ngni.broker.openpe.configuration.OpenPEConfiguration:57] - Lookup failed for: []jdbc/PE_JNDI
de.fhg.fokus.ngni.broker.openpe.context.ConfigurationException: Lookup failed for: []jdbc/PE_JNDI
	at de.fhg.fokus.ngni.broker.openpe.db.drools.impl.DrlPolicyRepositoryImpl.config(DrlPolicyRepositoryImpl.java:53) [classes/:na]
	at de.fhg.fokus.ngni.broker.openpe.db.impl.PolicyRepositoryManagerImpl.config(PolicyRepositoryManagerImpl.java:25) [classes/:na]
	at de.fhg.fokus.ngni.broker.openpe.context.impl.OpenPEContextImpl.configRepos(OpenPEContextImpl.java:110) [classes/:na]
	at de.fhg.fokus.ngni.broker.openpe.configuration.OpenPEConfigurationListener.config(OpenPEConfigurationListener.java:52) [classes/:na]
	at de.fhg.fokus.ngni.broker.openpe.configuration.OpenPEConfigurationListener.onInit(OpenPEConfigurationListener.java:45) [classes/:na]
	at de.fhg.fokus.ngni.broker.openpe.configuration.ServiceConfiguration.fireOnInit(ServiceConfiguration.java:305) [classes/:na]
	at de.fhg.fokus.ngni.broker.openpe.configuration.ServiceConfiguration.init(ServiceConfiguration.java:68) [classes/:na]
	at drools.test.DroolsPolicyEvaluationTest.setUp(DroolsPolicyEvaluationTest.java:108) [test-classes/:na]
	at sun.reflect.NativeMethodAccessorImpl.invoke0(Native Method) [na:1.6.0_24]
	at sun.reflect.NativeMethodAccessorImpl.invoke(NativeMethodAccessorImpl.java:39) [na:1.6.0_24]
	at sun.reflect.DelegatingMethodAccessorImpl.invoke(DelegatingMethodAccessorImpl.java:25) [na:1.6.0_24]
	at java.lang.reflect.Method.invoke(Method.java:597) [na:1.6.0_24]
	at org.junit.runners.model.FrameworkMethod$1.runReflectiveCall(FrameworkMethod.java:44) [junit-4.8.2.jar:na]
	at org.junit.internal.runners.model.ReflectiveCallable.run(ReflectiveCallable.java:15) [junit-4.8.2.jar:na]
	at org.junit.runners.model.FrameworkMethod.invokeExplosively(FrameworkMethod.java:41) [junit-4.8.2.jar:na]
	at org.junit.internal.runners.statements.RunBefores.evaluate(RunBefores.java:27) [junit-4.8.2.jar:na]
	at org.junit.runners.BlockJUnit4ClassRunner.runNotIgnored(BlockJUnit4ClassRunner.java:79) [junit-4.8.2.jar:na]
	at org.junit.runners.BlockJUnit4ClassRunner.runChild(BlockJUnit4ClassRunner.java:71) [junit-4.8.2.jar:na]
	at org.junit.runners.BlockJUnit4ClassRunner.runChild(BlockJUnit4ClassRunner.java:49) [junit-4.8.2.jar:na]
	at org.junit.runners.ParentRunner$3.run(ParentRunner.java:193) [junit-4.8.2.jar:na]
	at org.junit.runners.ParentRunner$1.schedule(ParentRunner.java:52) [junit-4.8.2.jar:na]
	at org.junit.runners.ParentRunner.runChildren(ParentRunner.java:191) [junit-4.8.2.jar:na]
	at org.junit.runners.ParentRunner.access$000(ParentRunner.java:42) [junit-4.8.2.jar:na]
	at org.junit.runners.ParentRunner$2.evaluate(ParentRunner.java:184) [junit-4.8.2.jar:na]
	at org.junit.runners.ParentRunner.run(ParentRunner.java:236) [junit-4.8.2.jar:na]
	at org.eclipse.jdt.internal.junit4.runner.JUnit4TestReference.run(JUnit4TestReference.java:49) [.cp/:na]
	at org.eclipse.jdt.internal.junit.runner.TestExecution.run(TestExecution.java:38) [.cp/:na]
	at org.eclipse.jdt.internal.junit.runner.RemoteTestRunner.runTests(RemoteTestRunner.java:467) [.cp/:na]
	at org.eclipse.jdt.internal.junit.runner.RemoteTestRunner.runTests(RemoteTestRunner.java:683) [.cp/:na]
	at org.eclipse.jdt.internal.junit.runner.RemoteTestRunner.run(RemoteTestRunner.java:390) [.cp/:na]
	at org.eclipse.jdt.internal.junit.runner.RemoteTestRunner.main(RemoteTestRunner.java:197) [.cp/:na]
Caused by: javax.naming.NoInitialContextException: Need to specify class name in environment or system property, or as an applet parameter, or in an application resource file:  java.naming.factory.initial
	at javax.naming.spi.NamingManager.getInitialContext(NamingManager.java:645) [na:1.6.0_24]
	at javax.naming.InitialContext.getDefaultInitCtx(InitialContext.java:288) [na:1.6.0_24]
	at javax.naming.InitialContext.getURLOrDefaultInitCtx(InitialContext.java:325) [na:1.6.0_24]
	at javax.naming.InitialContext.lookup(InitialContext.java:392) [na:1.6.0_24]
	at javax.naming.InitialContext.doLookup(InitialContext.java:265) [na:1.6.0_24]
	at de.fhg.fokus.ngni.broker.openpe.db.drools.impl.DrlPolicyRepositoryImpl.config(DrlPolicyRepositoryImpl.java:50) [classes/:na]
	... 30 common frames omitted
15:20:53,[OpenPE],INFO,[de.fhg.fokus.ngni.openpe.action.drl.doprint.DoPrintEnforcer:29] - Ce faci tu?
15:20:53,[OpenPE],ERROR,[de.fhg.fokus.ngni.broker.eval.drools.DrlPolicyEvaluationImpl:79] - Message has been ALLOWED
15:20:53,[OpenPE],DEBUG,[de.fhg.fokus.ngni.openpe.action.drl.denyrequest.DenyRequestEnforcer:33] - Denied because Because of the user
15:20:53,[OpenPE],ERROR,[de.fhg.fokus.ngni.broker.eval.drools.DrlPolicyEvaluationImpl:84] - Message has been DENIED
17:50:37,[OpenPE],DEBUG,[de.fhg.fokus.ngni.broker.openpe.context.impl.RuleActionsRegistryImpl:25] - Just actions which explicit register will be taken into consideration
17:50:37,[OpenPE],ERROR,[de.fhg.fokus.ngni.broker.openpe.configuration.OpenPEConfiguration:57] - Lookup failed for: []jdbc/PE_JNDI
de.fhg.fokus.ngni.broker.openpe.context.ConfigurationException: Lookup failed for: []jdbc/PE_JNDI
	at de.fhg.fokus.ngni.broker.openpe.db.drools.impl.DrlPolicyRepositoryImpl.config(DrlPolicyRepositoryImpl.java:53) [classes/:na]
	at de.fhg.fokus.ngni.broker.openpe.db.impl.PolicyRepositoryManagerImpl.config(PolicyRepositoryManagerImpl.java:25) [classes/:na]
	at de.fhg.fokus.ngni.broker.openpe.context.impl.OpenPEContextImpl.configRepos(OpenPEContextImpl.java:110) [classes/:na]
	at de.fhg.fokus.ngni.broker.openpe.configuration.OpenPEConfigurationListener.config(OpenPEConfigurationListener.java:52) [classes/:na]
	at de.fhg.fokus.ngni.broker.openpe.configuration.OpenPEConfigurationListener.onInit(OpenPEConfigurationListener.java:45) [classes/:na]
	at de.fhg.fokus.ngni.broker.openpe.configuration.ServiceConfiguration.fireOnInit(ServiceConfiguration.java:305) [classes/:na]
	at de.fhg.fokus.ngni.broker.openpe.configuration.ServiceConfiguration.init(ServiceConfiguration.java:68) [classes/:na]
	at drools.test.DroolsPolicyEvaluationTest.setUp(DroolsPolicyEvaluationTest.java:108) [test-classes/:na]
	at sun.reflect.NativeMethodAccessorImpl.invoke0(Native Method) [na:1.6.0_24]
	at sun.reflect.NativeMethodAccessorImpl.invoke(NativeMethodAccessorImpl.java:39) [na:1.6.0_24]
	at sun.reflect.DelegatingMethodAccessorImpl.invoke(DelegatingMethodAccessorImpl.java:25) [na:1.6.0_24]
	at java.lang.reflect.Method.invoke(Method.java:597) [na:1.6.0_24]
	at org.junit.runners.model.FrameworkMethod$1.runReflectiveCall(FrameworkMethod.java:44) [junit-4.8.2.jar:na]
	at org.junit.internal.runners.model.ReflectiveCallable.run(ReflectiveCallable.java:15) [junit-4.8.2.jar:na]
	at org.junit.runners.model.FrameworkMethod.invokeExplosively(FrameworkMethod.java:41) [junit-4.8.2.jar:na]
	at org.junit.internal.runners.statements.RunBefores.evaluate(RunBefores.java:27) [junit-4.8.2.jar:na]
	at org.junit.runners.BlockJUnit4ClassRunner.runNotIgnored(BlockJUnit4ClassRunner.java:79) [junit-4.8.2.jar:na]
	at org.junit.runners.BlockJUnit4ClassRunner.runChild(BlockJUnit4ClassRunner.java:71) [junit-4.8.2.jar:na]
	at org.junit.runners.BlockJUnit4ClassRunner.runChild(BlockJUnit4ClassRunner.java:49) [junit-4.8.2.jar:na]
	at org.junit.runners.ParentRunner$3.run(ParentRunner.java:193) [junit-4.8.2.jar:na]
	at org.junit.runners.ParentRunner$1.schedule(ParentRunner.java:52) [junit-4.8.2.jar:na]
	at org.junit.runners.ParentRunner.runChildren(ParentRunner.java:191) [junit-4.8.2.jar:na]
	at org.junit.runners.ParentRunner.access$000(ParentRunner.java:42) [junit-4.8.2.jar:na]
	at org.junit.runners.ParentRunner$2.evaluate(ParentRunner.java:184) [junit-4.8.2.jar:na]
	at org.junit.runners.ParentRunner.run(ParentRunner.java:236) [junit-4.8.2.jar:na]
	at org.eclipse.jdt.internal.junit4.runner.JUnit4TestReference.run(JUnit4TestReference.java:49) [.cp/:na]
	at org.eclipse.jdt.internal.junit.runner.TestExecution.run(TestExecution.java:38) [.cp/:na]
	at org.eclipse.jdt.internal.junit.runner.RemoteTestRunner.runTests(RemoteTestRunner.java:467) [.cp/:na]
	at org.eclipse.jdt.internal.junit.runner.RemoteTestRunner.runTests(RemoteTestRunner.java:683) [.cp/:na]
	at org.eclipse.jdt.internal.junit.runner.RemoteTestRunner.run(RemoteTestRunner.java:390) [.cp/:na]
	at org.eclipse.jdt.internal.junit.runner.RemoteTestRunner.main(RemoteTestRunner.java:197) [.cp/:na]
Caused by: javax.naming.NoInitialContextException: Need to specify class name in environment or system property, or as an applet parameter, or in an application resource file:  java.naming.factory.initial
	at javax.naming.spi.NamingManager.getInitialContext(NamingManager.java:645) [na:1.6.0_24]
	at javax.naming.InitialContext.getDefaultInitCtx(InitialContext.java:288) [na:1.6.0_24]
	at javax.naming.InitialContext.getURLOrDefaultInitCtx(InitialContext.java:325) [na:1.6.0_24]
	at javax.naming.InitialContext.lookup(InitialContext.java:392) [na:1.6.0_24]
	at javax.naming.InitialContext.doLookup(InitialContext.java:265) [na:1.6.0_24]
	at de.fhg.fokus.ngni.broker.openpe.db.drools.impl.DrlPolicyRepositoryImpl.config(DrlPolicyRepositoryImpl.java:50) [classes/:na]
	... 30 common frames omitted
17:51:30,[OpenPE],DEBUG,[de.fhg.fokus.ngni.broker.openpe.context.impl.RuleActionsRegistryImpl:25] - Just actions which explicit register will be taken into consideration
17:51:30,[OpenPE],ERROR,[de.fhg.fokus.ngni.broker.openpe.configuration.OpenPEConfiguration:57] - Lookup failed for: []jdbc/PE_JNDI
de.fhg.fokus.ngni.broker.openpe.context.ConfigurationException: Lookup failed for: []jdbc/PE_JNDI
	at de.fhg.fokus.ngni.broker.openpe.db.drools.impl.DrlPolicyRepositoryImpl.config(DrlPolicyRepositoryImpl.java:53) [classes/:na]
	at de.fhg.fokus.ngni.broker.openpe.db.impl.PolicyRepositoryManagerImpl.config(PolicyRepositoryManagerImpl.java:25) [classes/:na]
	at de.fhg.fokus.ngni.broker.openpe.context.impl.OpenPEContextImpl.configRepos(OpenPEContextImpl.java:110) [classes/:na]
	at de.fhg.fokus.ngni.broker.openpe.configuration.OpenPEConfigurationListener.config(OpenPEConfigurationListener.java:52) [classes/:na]
	at de.fhg.fokus.ngni.broker.openpe.configuration.OpenPEConfigurationListener.onInit(OpenPEConfigurationListener.java:45) [classes/:na]
	at de.fhg.fokus.ngni.broker.openpe.configuration.ServiceConfiguration.fireOnInit(ServiceConfiguration.java:305) [classes/:na]
	at de.fhg.fokus.ngni.broker.openpe.configuration.ServiceConfiguration.init(ServiceConfiguration.java:68) [classes/:na]
	at drools.test.DroolsPolicyEvaluationTest.setUp(DroolsPolicyEvaluationTest.java:108) [test-classes/:na]
	at sun.reflect.NativeMethodAccessorImpl.invoke0(Native Method) [na:1.6.0_24]
	at sun.reflect.NativeMethodAccessorImpl.invoke(NativeMethodAccessorImpl.java:39) [na:1.6.0_24]
	at sun.reflect.DelegatingMethodAccessorImpl.invoke(DelegatingMethodAccessorImpl.java:25) [na:1.6.0_24]
	at java.lang.reflect.Method.invoke(Method.java:597) [na:1.6.0_24]
	at org.junit.runners.model.FrameworkMethod$1.runReflectiveCall(FrameworkMethod.java:44) [junit-4.8.2.jar:na]
	at org.junit.internal.runners.model.ReflectiveCallable.run(ReflectiveCallable.java:15) [junit-4.8.2.jar:na]
	at org.junit.runners.model.FrameworkMethod.invokeExplosively(FrameworkMethod.java:41) [junit-4.8.2.jar:na]
	at org.junit.internal.runners.statements.RunBefores.evaluate(RunBefores.java:27) [junit-4.8.2.jar:na]
	at org.junit.runners.BlockJUnit4ClassRunner.runNotIgnored(BlockJUnit4ClassRunner.java:79) [junit-4.8.2.jar:na]
	at org.junit.runners.BlockJUnit4ClassRunner.runChild(BlockJUnit4ClassRunner.java:71) [junit-4.8.2.jar:na]
	at org.junit.runners.BlockJUnit4ClassRunner.runChild(BlockJUnit4ClassRunner.java:49) [junit-4.8.2.jar:na]
	at org.junit.runners.ParentRunner$3.run(ParentRunner.java:193) [junit-4.8.2.jar:na]
	at org.junit.runners.ParentRunner$1.schedule(ParentRunner.java:52) [junit-4.8.2.jar:na]
	at org.junit.runners.ParentRunner.runChildren(ParentRunner.java:191) [junit-4.8.2.jar:na]
	at org.junit.runners.ParentRunner.access$000(ParentRunner.java:42) [junit-4.8.2.jar:na]
	at org.junit.runners.ParentRunner$2.evaluate(ParentRunner.java:184) [junit-4.8.2.jar:na]
	at org.junit.runners.ParentRunner.run(ParentRunner.java:236) [junit-4.8.2.jar:na]
	at org.eclipse.jdt.internal.junit4.runner.JUnit4TestReference.run(JUnit4TestReference.java:49) [.cp/:na]
	at org.eclipse.jdt.internal.junit.runner.TestExecution.run(TestExecution.java:38) [.cp/:na]
	at org.eclipse.jdt.internal.junit.runner.RemoteTestRunner.runTests(RemoteTestRunner.java:467) [.cp/:na]
	at org.eclipse.jdt.internal.junit.runner.RemoteTestRunner.runTests(RemoteTestRunner.java:683) [.cp/:na]
	at org.eclipse.jdt.internal.junit.runner.RemoteTestRunner.run(RemoteTestRunner.java:390) [.cp/:na]
	at org.eclipse.jdt.internal.junit.runner.RemoteTestRunner.main(RemoteTestRunner.java:197) [.cp/:na]
Caused by: javax.naming.NoInitialContextException: Need to specify class name in environment or system property, or as an applet parameter, or in an application resource file:  java.naming.factory.initial
	at javax.naming.spi.NamingManager.getInitialContext(NamingManager.java:645) [na:1.6.0_24]
	at javax.naming.InitialContext.getDefaultInitCtx(InitialContext.java:288) [na:1.6.0_24]
	at javax.naming.InitialContext.getURLOrDefaultInitCtx(InitialContext.java:325) [na:1.6.0_24]
	at javax.naming.InitialContext.lookup(InitialContext.java:392) [na:1.6.0_24]
	at javax.naming.InitialContext.doLookup(InitialContext.java:265) [na:1.6.0_24]
	at de.fhg.fokus.ngni.broker.openpe.db.drools.impl.DrlPolicyRepositoryImpl.config(DrlPolicyRepositoryImpl.java:50) [classes/:na]
	... 30 common frames omitted
17:53:13,[OpenPE],DEBUG,[de.fhg.fokus.ngni.broker.openpe.context.impl.RuleActionsRegistryImpl:25] - Just actions which explicit register will be taken into consideration
17:53:13,[OpenPE],ERROR,[de.fhg.fokus.ngni.broker.openpe.configuration.OpenPEConfiguration:57] - Lookup failed for: []jdbc/PE_JNDI
de.fhg.fokus.ngni.broker.openpe.context.ConfigurationException: Lookup failed for: []jdbc/PE_JNDI
	at de.fhg.fokus.ngni.broker.openpe.db.drools.impl.DrlPolicyRepositoryImpl.config(DrlPolicyRepositoryImpl.java:53) [classes/:na]
	at de.fhg.fokus.ngni.broker.openpe.db.impl.PolicyRepositoryManagerImpl.config(PolicyRepositoryManagerImpl.java:25) [classes/:na]
	at de.fhg.fokus.ngni.broker.openpe.context.impl.OpenPEContextImpl.configRepos(OpenPEContextImpl.java:110) [classes/:na]
	at de.fhg.fokus.ngni.broker.openpe.configuration.OpenPEConfigurationListener.config(OpenPEConfigurationListener.java:52) [classes/:na]
	at de.fhg.fokus.ngni.broker.openpe.configuration.OpenPEConfigurationListener.onInit(OpenPEConfigurationListener.java:45) [classes/:na]
	at de.fhg.fokus.ngni.broker.openpe.configuration.ServiceConfiguration.fireOnInit(ServiceConfiguration.java:305) [classes/:na]
	at de.fhg.fokus.ngni.broker.openpe.configuration.ServiceConfiguration.init(ServiceConfiguration.java:68) [classes/:na]
	at drools.test.DroolsPolicyEvaluationTest.setUp(DroolsPolicyEvaluationTest.java:108) [test-classes/:na]
	at sun.reflect.NativeMethodAccessorImpl.invoke0(Native Method) [na:1.6.0_24]
	at sun.reflect.NativeMethodAccessorImpl.invoke(NativeMethodAccessorImpl.java:39) [na:1.6.0_24]
	at sun.reflect.DelegatingMethodAccessorImpl.invoke(DelegatingMethodAccessorImpl.java:25) [na:1.6.0_24]
	at java.lang.reflect.Method.invoke(Method.java:597) [na:1.6.0_24]
	at org.junit.runners.model.FrameworkMethod$1.runReflectiveCall(FrameworkMethod.java:44) [junit-4.8.2.jar:na]
	at org.junit.internal.runners.model.ReflectiveCallable.run(ReflectiveCallable.java:15) [junit-4.8.2.jar:na]
	at org.junit.runners.model.FrameworkMethod.invokeExplosively(FrameworkMethod.java:41) [junit-4.8.2.jar:na]
	at org.junit.internal.runners.statements.RunBefores.evaluate(RunBefores.java:27) [junit-4.8.2.jar:na]
	at org.junit.runners.BlockJUnit4ClassRunner.runNotIgnored(BlockJUnit4ClassRunner.java:79) [junit-4.8.2.jar:na]
	at org.junit.runners.BlockJUnit4ClassRunner.runChild(BlockJUnit4ClassRunner.java:71) [junit-4.8.2.jar:na]
	at org.junit.runners.BlockJUnit4ClassRunner.runChild(BlockJUnit4ClassRunner.java:49) [junit-4.8.2.jar:na]
	at org.junit.runners.ParentRunner$3.run(ParentRunner.java:193) [junit-4.8.2.jar:na]
	at org.junit.runners.ParentRunner$1.schedule(ParentRunner.java:52) [junit-4.8.2.jar:na]
	at org.junit.runners.ParentRunner.runChildren(ParentRunner.java:191) [junit-4.8.2.jar:na]
	at org.junit.runners.ParentRunner.access$000(ParentRunner.java:42) [junit-4.8.2.jar:na]
	at org.junit.runners.ParentRunner$2.evaluate(ParentRunner.java:184) [junit-4.8.2.jar:na]
	at org.junit.runners.ParentRunner.run(ParentRunner.java:236) [junit-4.8.2.jar:na]
	at org.eclipse.jdt.internal.junit4.runner.JUnit4TestReference.run(JUnit4TestReference.java:49) [.cp/:na]
	at org.eclipse.jdt.internal.junit.runner.TestExecution.run(TestExecution.java:38) [.cp/:na]
	at org.eclipse.jdt.internal.junit.runner.RemoteTestRunner.runTests(RemoteTestRunner.java:467) [.cp/:na]
	at org.eclipse.jdt.internal.junit.runner.RemoteTestRunner.runTests(RemoteTestRunner.java:683) [.cp/:na]
	at org.eclipse.jdt.internal.junit.runner.RemoteTestRunner.run(RemoteTestRunner.java:390) [.cp/:na]
	at org.eclipse.jdt.internal.junit.runner.RemoteTestRunner.main(RemoteTestRunner.java:197) [.cp/:na]
Caused by: javax.naming.NoInitialContextException: Need to specify class name in environment or system property, or as an applet parameter, or in an application resource file:  java.naming.factory.initial
	at javax.naming.spi.NamingManager.getInitialContext(NamingManager.java:645) [na:1.6.0_24]
	at javax.naming.InitialContext.getDefaultInitCtx(InitialContext.java:288) [na:1.6.0_24]
	at javax.naming.InitialContext.getURLOrDefaultInitCtx(InitialContext.java:325) [na:1.6.0_24]
	at javax.naming.InitialContext.lookup(InitialContext.java:392) [na:1.6.0_24]
	at javax.naming.InitialContext.doLookup(InitialContext.java:265) [na:1.6.0_24]
	at de.fhg.fokus.ngni.broker.openpe.db.drools.impl.DrlPolicyRepositoryImpl.config(DrlPolicyRepositoryImpl.java:50) [classes/:na]
	... 30 common frames omitted
17:53:15,[OpenPE],INFO,[de.fhg.fokus.ngni.openpe.action.drl.doprint.DoPrintEnforcer:29] - Ce faci tu?
17:53:15,[OpenPE],ERROR,[de.fhg.fokus.ngni.broker.eval.drools.DrlPolicyEvaluationImpl:79] - Message has been ALLOWED
17:53:15,[OpenPE],DEBUG,[de.fhg.fokus.ngni.openpe.action.drl.denyrequest.DenyRequestEnforcer:33] - Denied because Because of the user
17:53:15,[OpenPE],ERROR,[de.fhg.fokus.ngni.broker.eval.drools.DrlPolicyEvaluationImpl:84] - Message has been DENIED
18:02:08,[OpenPE],DEBUG,[de.fhg.fokus.ngni.broker.openpe.context.impl.RuleActionsRegistryImpl:25] - Just actions which explicit register will be taken into consideration
18:02:08,[OpenPE],ERROR,[de.fhg.fokus.ngni.broker.openpe.configuration.OpenPEConfiguration:57] - Lookup failed for: []jdbc/PE_JNDI
de.fhg.fokus.ngni.broker.openpe.context.ConfigurationException: Lookup failed for: []jdbc/PE_JNDI
	at de.fhg.fokus.ngni.broker.openpe.db.drools.impl.DrlPolicyRepositoryImpl.config(DrlPolicyRepositoryImpl.java:53) [classes/:na]
	at de.fhg.fokus.ngni.broker.openpe.db.impl.PolicyRepositoryManagerImpl.config(PolicyRepositoryManagerImpl.java:25) [classes/:na]
	at de.fhg.fokus.ngni.broker.openpe.context.impl.OpenPEContextImpl.configRepos(OpenPEContextImpl.java:110) [classes/:na]
	at de.fhg.fokus.ngni.broker.openpe.configuration.OpenPEConfigurationListener.config(OpenPEConfigurationListener.java:52) [classes/:na]
	at de.fhg.fokus.ngni.broker.openpe.configuration.OpenPEConfigurationListener.onInit(OpenPEConfigurationListener.java:45) [classes/:na]
	at de.fhg.fokus.ngni.broker.openpe.configuration.ServiceConfiguration.fireOnInit(ServiceConfiguration.java:305) [classes/:na]
	at de.fhg.fokus.ngni.broker.openpe.configuration.ServiceConfiguration.init(ServiceConfiguration.java:68) [classes/:na]
	at drools.test.DroolsPolicyEvaluationTest.setUp(DroolsPolicyEvaluationTest.java:108) [test-classes/:na]
	at sun.reflect.NativeMethodAccessorImpl.invoke0(Native Method) [na:1.6.0_24]
	at sun.reflect.NativeMethodAccessorImpl.invoke(NativeMethodAccessorImpl.java:39) [na:1.6.0_24]
	at sun.reflect.DelegatingMethodAccessorImpl.invoke(DelegatingMethodAccessorImpl.java:25) [na:1.6.0_24]
	at java.lang.reflect.Method.invoke(Method.java:597) [na:1.6.0_24]
	at org.junit.runners.model.FrameworkMethod$1.runReflectiveCall(FrameworkMethod.java:44) [junit-4.8.2.jar:na]
	at org.junit.internal.runners.model.ReflectiveCallable.run(ReflectiveCallable.java:15) [junit-4.8.2.jar:na]
	at org.junit.runners.model.FrameworkMethod.invokeExplosively(FrameworkMethod.java:41) [junit-4.8.2.jar:na]
	at org.junit.internal.runners.statements.RunBefores.evaluate(RunBefores.java:27) [junit-4.8.2.jar:na]
	at org.junit.runners.BlockJUnit4ClassRunner.runNotIgnored(BlockJUnit4ClassRunner.java:79) [junit-4.8.2.jar:na]
	at org.junit.runners.BlockJUnit4ClassRunner.runChild(BlockJUnit4ClassRunner.java:71) [junit-4.8.2.jar:na]
	at org.junit.runners.BlockJUnit4ClassRunner.runChild(BlockJUnit4ClassRunner.java:49) [junit-4.8.2.jar:na]
	at org.junit.runners.ParentRunner$3.run(ParentRunner.java:193) [junit-4.8.2.jar:na]
	at org.junit.runners.ParentRunner$1.schedule(ParentRunner.java:52) [junit-4.8.2.jar:na]
	at org.junit.runners.ParentRunner.runChildren(ParentRunner.java:191) [junit-4.8.2.jar:na]
	at org.junit.runners.ParentRunner.access$000(ParentRunner.java:42) [junit-4.8.2.jar:na]
	at org.junit.runners.ParentRunner$2.evaluate(ParentRunner.java:184) [junit-4.8.2.jar:na]
	at org.junit.runners.ParentRunner.run(ParentRunner.java:236) [junit-4.8.2.jar:na]
	at org.eclipse.jdt.internal.junit4.runner.JUnit4TestReference.run(JUnit4TestReference.java:49) [.cp/:na]
	at org.eclipse.jdt.internal.junit.runner.TestExecution.run(TestExecution.java:38) [.cp/:na]
	at org.eclipse.jdt.internal.junit.runner.RemoteTestRunner.runTests(RemoteTestRunner.java:467) [.cp/:na]
	at org.eclipse.jdt.internal.junit.runner.RemoteTestRunner.runTests(RemoteTestRunner.java:683) [.cp/:na]
	at org.eclipse.jdt.internal.junit.runner.RemoteTestRunner.run(RemoteTestRunner.java:390) [.cp/:na]
	at org.eclipse.jdt.internal.junit.runner.RemoteTestRunner.main(RemoteTestRunner.java:197) [.cp/:na]
Caused by: javax.naming.NoInitialContextException: Need to specify class name in environment or system property, or as an applet parameter, or in an application resource file:  java.naming.factory.initial
	at javax.naming.spi.NamingManager.getInitialContext(NamingManager.java:645) [na:1.6.0_24]
	at javax.naming.InitialContext.getDefaultInitCtx(InitialContext.java:288) [na:1.6.0_24]
	at javax.naming.InitialContext.getURLOrDefaultInitCtx(InitialContext.java:325) [na:1.6.0_24]
	at javax.naming.InitialContext.lookup(InitialContext.java:392) [na:1.6.0_24]
	at javax.naming.InitialContext.doLookup(InitialContext.java:265) [na:1.6.0_24]
	at de.fhg.fokus.ngni.broker.openpe.db.drools.impl.DrlPolicyRepositoryImpl.config(DrlPolicyRepositoryImpl.java:50) [classes/:na]
	... 30 common frames omitted
18:02:10,[OpenPE],INFO,[de.fhg.fokus.ngni.openpe.action.drl.doprint.DoPrintEnforcer:29] - Ce faci tu?
18:02:10,[OpenPE],ERROR,[de.fhg.fokus.ngni.broker.eval.drools.DrlPolicyEvaluationImpl:79] - Message has been ALLOWED
18:02:10,[OpenPE],DEBUG,[de.fhg.fokus.ngni.openpe.action.drl.denyrequest.DenyRequestEnforcer:33] - Denied because Because of the user
18:02:10,[OpenPE],ERROR,[de.fhg.fokus.ngni.broker.eval.drools.DrlPolicyEvaluationImpl:84] - Message has been DENIED
18:03:39,[OpenPE],DEBUG,[de.fhg.fokus.ngni.broker.openpe.context.impl.RuleActionsRegistryImpl:25] - Just actions which explicit register will be taken into consideration
18:03:39,[OpenPE],ERROR,[de.fhg.fokus.ngni.broker.openpe.configuration.OpenPEConfiguration:57] - Lookup failed for: []jdbc/PE_JNDI
de.fhg.fokus.ngni.broker.openpe.context.ConfigurationException: Lookup failed for: []jdbc/PE_JNDI
	at de.fhg.fokus.ngni.broker.openpe.db.drools.impl.DrlPolicyRepositoryImpl.config(DrlPolicyRepositoryImpl.java:53) [classes/:na]
	at de.fhg.fokus.ngni.broker.openpe.db.impl.PolicyRepositoryManagerImpl.config(PolicyRepositoryManagerImpl.java:25) [classes/:na]
	at de.fhg.fokus.ngni.broker.openpe.context.impl.OpenPEContextImpl.configRepos(OpenPEContextImpl.java:110) [classes/:na]
	at de.fhg.fokus.ngni.broker.openpe.configuration.OpenPEConfigurationListener.config(OpenPEConfigurationListener.java:52) [classes/:na]
	at de.fhg.fokus.ngni.broker.openpe.configuration.OpenPEConfigurationListener.onInit(OpenPEConfigurationListener.java:45) [classes/:na]
	at de.fhg.fokus.ngni.broker.openpe.configuration.ServiceConfiguration.fireOnInit(ServiceConfiguration.java:305) [classes/:na]
	at de.fhg.fokus.ngni.broker.openpe.configuration.ServiceConfiguration.init(ServiceConfiguration.java:68) [classes/:na]
	at drools.test.DroolsPolicyEvaluationTest.setUp(DroolsPolicyEvaluationTest.java:108) [test-classes/:na]
	at sun.reflect.NativeMethodAccessorImpl.invoke0(Native Method) [na:1.6.0_24]
	at sun.reflect.NativeMethodAccessorImpl.invoke(NativeMethodAccessorImpl.java:39) [na:1.6.0_24]
	at sun.reflect.DelegatingMethodAccessorImpl.invoke(DelegatingMethodAccessorImpl.java:25) [na:1.6.0_24]
	at java.lang.reflect.Method.invoke(Method.java:597) [na:1.6.0_24]
	at org.junit.runners.model.FrameworkMethod$1.runReflectiveCall(FrameworkMethod.java:44) [junit-4.8.2.jar:na]
	at org.junit.internal.runners.model.ReflectiveCallable.run(ReflectiveCallable.java:15) [junit-4.8.2.jar:na]
	at org.junit.runners.model.FrameworkMethod.invokeExplosively(FrameworkMethod.java:41) [junit-4.8.2.jar:na]
	at org.junit.internal.runners.statements.RunBefores.evaluate(RunBefores.java:27) [junit-4.8.2.jar:na]
	at org.junit.runners.BlockJUnit4ClassRunner.runNotIgnored(BlockJUnit4ClassRunner.java:79) [junit-4.8.2.jar:na]
	at org.junit.runners.BlockJUnit4ClassRunner.runChild(BlockJUnit4ClassRunner.java:71) [junit-4.8.2.jar:na]
	at org.junit.runners.BlockJUnit4ClassRunner.runChild(BlockJUnit4ClassRunner.java:49) [junit-4.8.2.jar:na]
	at org.junit.runners.ParentRunner$3.run(ParentRunner.java:193) [junit-4.8.2.jar:na]
	at org.junit.runners.ParentRunner$1.schedule(ParentRunner.java:52) [junit-4.8.2.jar:na]
	at org.junit.runners.ParentRunner.runChildren(ParentRunner.java:191) [junit-4.8.2.jar:na]
	at org.junit.runners.ParentRunner.access$000(ParentRunner.java:42) [junit-4.8.2.jar:na]
	at org.junit.runners.ParentRunner$2.evaluate(ParentRunner.java:184) [junit-4.8.2.jar:na]
	at org.junit.runners.ParentRunner.run(ParentRunner.java:236) [junit-4.8.2.jar:na]
	at org.eclipse.jdt.internal.junit4.runner.JUnit4TestReference.run(JUnit4TestReference.java:49) [.cp/:na]
	at org.eclipse.jdt.internal.junit.runner.TestExecution.run(TestExecution.java:38) [.cp/:na]
	at org.eclipse.jdt.internal.junit.runner.RemoteTestRunner.runTests(RemoteTestRunner.java:467) [.cp/:na]
	at org.eclipse.jdt.internal.junit.runner.RemoteTestRunner.runTests(RemoteTestRunner.java:683) [.cp/:na]
	at org.eclipse.jdt.internal.junit.runner.RemoteTestRunner.run(RemoteTestRunner.java:390) [.cp/:na]
	at org.eclipse.jdt.internal.junit.runner.RemoteTestRunner.main(RemoteTestRunner.java:197) [.cp/:na]
Caused by: javax.naming.NoInitialContextException: Need to specify class name in environment or system property, or as an applet parameter, or in an application resource file:  java.naming.factory.initial
	at javax.naming.spi.NamingManager.getInitialContext(NamingManager.java:645) [na:1.6.0_24]
	at javax.naming.InitialContext.getDefaultInitCtx(InitialContext.java:288) [na:1.6.0_24]
	at javax.naming.InitialContext.getURLOrDefaultInitCtx(InitialContext.java:325) [na:1.6.0_24]
	at javax.naming.InitialContext.lookup(InitialContext.java:392) [na:1.6.0_24]
	at javax.naming.InitialContext.doLookup(InitialContext.java:265) [na:1.6.0_24]
	at de.fhg.fokus.ngni.broker.openpe.db.drools.impl.DrlPolicyRepositoryImpl.config(DrlPolicyRepositoryImpl.java:50) [classes/:na]
	... 30 common frames omitted
18:03:41,[OpenPE],INFO,[de.fhg.fokus.ngni.openpe.action.drl.doprint.DoPrintEnforcer:29] - Ce faci tu?
18:03:41,[OpenPE],ERROR,[de.fhg.fokus.ngni.broker.eval.drools.DrlPolicyEvaluationImpl:79] - Message has been ALLOWED
18:03:41,[OpenPE],DEBUG,[de.fhg.fokus.ngni.openpe.action.drl.denyrequest.DenyRequestEnforcer:33] - Denied because Because of the user
18:03:41,[OpenPE],ERROR,[de.fhg.fokus.ngni.broker.eval.drools.DrlPolicyEvaluationImpl:84] - Message has been DENIED
18:05:11,[OpenPE],DEBUG,[de.fhg.fokus.ngni.broker.openpe.context.impl.RuleActionsRegistryImpl:25] - Just actions which explicit register will be taken into consideration
18:05:11,[OpenPE],ERROR,[de.fhg.fokus.ngni.broker.openpe.configuration.OpenPEConfiguration:57] - Lookup failed for: []jdbc/PE_JNDI
de.fhg.fokus.ngni.broker.openpe.context.ConfigurationException: Lookup failed for: []jdbc/PE_JNDI
	at de.fhg.fokus.ngni.broker.openpe.db.drools.impl.DrlPolicyRepositoryImpl.config(DrlPolicyRepositoryImpl.java:53) [classes/:na]
	at de.fhg.fokus.ngni.broker.openpe.db.impl.PolicyRepositoryManagerImpl.config(PolicyRepositoryManagerImpl.java:25) [classes/:na]
	at de.fhg.fokus.ngni.broker.openpe.context.impl.OpenPEContextImpl.configRepos(OpenPEContextImpl.java:110) [classes/:na]
	at de.fhg.fokus.ngni.broker.openpe.configuration.OpenPEConfigurationListener.config(OpenPEConfigurationListener.java:52) [classes/:na]
	at de.fhg.fokus.ngni.broker.openpe.configuration.OpenPEConfigurationListener.onInit(OpenPEConfigurationListener.java:45) [classes/:na]
	at de.fhg.fokus.ngni.broker.openpe.configuration.ServiceConfiguration.fireOnInit(ServiceConfiguration.java:305) [classes/:na]
	at de.fhg.fokus.ngni.broker.openpe.configuration.ServiceConfiguration.init(ServiceConfiguration.java:68) [classes/:na]
	at drools.test.DroolsPolicyEvaluationTest.setUp(DroolsPolicyEvaluationTest.java:108) [test-classes/:na]
	at sun.reflect.NativeMethodAccessorImpl.invoke0(Native Method) [na:1.6.0_24]
	at sun.reflect.NativeMethodAccessorImpl.invoke(NativeMethodAccessorImpl.java:39) [na:1.6.0_24]
	at sun.reflect.DelegatingMethodAccessorImpl.invoke(DelegatingMethodAccessorImpl.java:25) [na:1.6.0_24]
	at java.lang.reflect.Method.invoke(Method.java:597) [na:1.6.0_24]
	at org.junit.runners.model.FrameworkMethod$1.runReflectiveCall(FrameworkMethod.java:44) [junit-4.8.2.jar:na]
	at org.junit.internal.runners.model.ReflectiveCallable.run(ReflectiveCallable.java:15) [junit-4.8.2.jar:na]
	at org.junit.runners.model.FrameworkMethod.invokeExplosively(FrameworkMethod.java:41) [junit-4.8.2.jar:na]
	at org.junit.internal.runners.statements.RunBefores.evaluate(RunBefores.java:27) [junit-4.8.2.jar:na]
	at org.junit.runners.BlockJUnit4ClassRunner.runNotIgnored(BlockJUnit4ClassRunner.java:79) [junit-4.8.2.jar:na]
	at org.junit.runners.BlockJUnit4ClassRunner.runChild(BlockJUnit4ClassRunner.java:71) [junit-4.8.2.jar:na]
	at org.junit.runners.BlockJUnit4ClassRunner.runChild(BlockJUnit4ClassRunner.java:49) [junit-4.8.2.jar:na]
	at org.junit.runners.ParentRunner$3.run(ParentRunner.java:193) [junit-4.8.2.jar:na]
	at org.junit.runners.ParentRunner$1.schedule(ParentRunner.java:52) [junit-4.8.2.jar:na]
	at org.junit.runners.ParentRunner.runChildren(ParentRunner.java:191) [junit-4.8.2.jar:na]
	at org.junit.runners.ParentRunner.access$000(ParentRunner.java:42) [junit-4.8.2.jar:na]
	at org.junit.runners.ParentRunner$2.evaluate(ParentRunner.java:184) [junit-4.8.2.jar:na]
	at org.junit.runners.ParentRunner.run(ParentRunner.java:236) [junit-4.8.2.jar:na]
	at org.eclipse.jdt.internal.junit4.runner.JUnit4TestReference.run(JUnit4TestReference.java:49) [.cp/:na]
	at org.eclipse.jdt.internal.junit.runner.TestExecution.run(TestExecution.java:38) [.cp/:na]
	at org.eclipse.jdt.internal.junit.runner.RemoteTestRunner.runTests(RemoteTestRunner.java:467) [.cp/:na]
	at org.eclipse.jdt.internal.junit.runner.RemoteTestRunner.runTests(RemoteTestRunner.java:683) [.cp/:na]
	at org.eclipse.jdt.internal.junit.runner.RemoteTestRunner.run(RemoteTestRunner.java:390) [.cp/:na]
	at org.eclipse.jdt.internal.junit.runner.RemoteTestRunner.main(RemoteTestRunner.java:197) [.cp/:na]
Caused by: javax.naming.NoInitialContextException: Need to specify class name in environment or system property, or as an applet parameter, or in an application resource file:  java.naming.factory.initial
	at javax.naming.spi.NamingManager.getInitialContext(NamingManager.java:645) [na:1.6.0_24]
	at javax.naming.InitialContext.getDefaultInitCtx(InitialContext.java:288) [na:1.6.0_24]
	at javax.naming.InitialContext.getURLOrDefaultInitCtx(InitialContext.java:325) [na:1.6.0_24]
	at javax.naming.InitialContext.lookup(InitialContext.java:392) [na:1.6.0_24]
	at javax.naming.InitialContext.doLookup(InitialContext.java:265) [na:1.6.0_24]
	at de.fhg.fokus.ngni.broker.openpe.db.drools.impl.DrlPolicyRepositoryImpl.config(DrlPolicyRepositoryImpl.java:50) [classes/:na]
	... 30 common frames omitted
18:05:13,[OpenPE],INFO,[de.fhg.fokus.ngni.openpe.action.drl.doprint.DoPrintEnforcer:29] - Ce faci tu?
18:05:13,[OpenPE],ERROR,[de.fhg.fokus.ngni.broker.eval.drools.DrlPolicyEvaluationImpl:79] - Message has been ALLOWED
18:05:13,[OpenPE],DEBUG,[de.fhg.fokus.ngni.openpe.action.drl.denyrequest.DenyRequestEnforcer:33] - Denied because Because of the user
18:05:13,[OpenPE],ERROR,[de.fhg.fokus.ngni.broker.eval.drools.DrlPolicyEvaluationImpl:84] - Message has been DENIED
18:05:50,[OpenPE],DEBUG,[de.fhg.fokus.ngni.broker.openpe.context.impl.RuleActionsRegistryImpl:25] - Just actions which explicit register will be taken into consideration
18:05:50,[OpenPE],ERROR,[de.fhg.fokus.ngni.broker.openpe.configuration.OpenPEConfiguration:57] - Lookup failed for: []jdbc/PE_JNDI
de.fhg.fokus.ngni.broker.openpe.context.ConfigurationException: Lookup failed for: []jdbc/PE_JNDI
	at de.fhg.fokus.ngni.broker.openpe.db.drools.impl.DrlPolicyRepositoryImpl.config(DrlPolicyRepositoryImpl.java:53) [classes/:na]
	at de.fhg.fokus.ngni.broker.openpe.db.impl.PolicyRepositoryManagerImpl.config(PolicyRepositoryManagerImpl.java:25) [classes/:na]
	at de.fhg.fokus.ngni.broker.openpe.context.impl.OpenPEContextImpl.configRepos(OpenPEContextImpl.java:110) [classes/:na]
	at de.fhg.fokus.ngni.broker.openpe.configuration.OpenPEConfigurationListener.config(OpenPEConfigurationListener.java:52) [classes/:na]
	at de.fhg.fokus.ngni.broker.openpe.configuration.OpenPEConfigurationListener.onInit(OpenPEConfigurationListener.java:45) [classes/:na]
	at de.fhg.fokus.ngni.broker.openpe.configuration.ServiceConfiguration.fireOnInit(ServiceConfiguration.java:305) [classes/:na]
	at de.fhg.fokus.ngni.broker.openpe.configuration.ServiceConfiguration.init(ServiceConfiguration.java:68) [classes/:na]
	at drools.test.DroolsPolicyEvaluationTest.setUp(DroolsPolicyEvaluationTest.java:108) [test-classes/:na]
	at sun.reflect.NativeMethodAccessorImpl.invoke0(Native Method) [na:1.6.0_24]
	at sun.reflect.NativeMethodAccessorImpl.invoke(NativeMethodAccessorImpl.java:39) [na:1.6.0_24]
	at sun.reflect.DelegatingMethodAccessorImpl.invoke(DelegatingMethodAccessorImpl.java:25) [na:1.6.0_24]
	at java.lang.reflect.Method.invoke(Method.java:597) [na:1.6.0_24]
	at org.junit.runners.model.FrameworkMethod$1.runReflectiveCall(FrameworkMethod.java:44) [junit-4.8.2.jar:na]
	at org.junit.internal.runners.model.ReflectiveCallable.run(ReflectiveCallable.java:15) [junit-4.8.2.jar:na]
	at org.junit.runners.model.FrameworkMethod.invokeExplosively(FrameworkMethod.java:41) [junit-4.8.2.jar:na]
	at org.junit.internal.runners.statements.RunBefores.evaluate(RunBefores.java:27) [junit-4.8.2.jar:na]
	at org.junit.runners.BlockJUnit4ClassRunner.runNotIgnored(BlockJUnit4ClassRunner.java:79) [junit-4.8.2.jar:na]
	at org.junit.runners.BlockJUnit4ClassRunner.runChild(BlockJUnit4ClassRunner.java:71) [junit-4.8.2.jar:na]
	at org.junit.runners.BlockJUnit4ClassRunner.runChild(BlockJUnit4ClassRunner.java:49) [junit-4.8.2.jar:na]
	at org.junit.runners.ParentRunner$3.run(ParentRunner.java:193) [junit-4.8.2.jar:na]
	at org.junit.runners.ParentRunner$1.schedule(ParentRunner.java:52) [junit-4.8.2.jar:na]
	at org.junit.runners.ParentRunner.runChildren(ParentRunner.java:191) [junit-4.8.2.jar:na]
	at org.junit.runners.ParentRunner.access$000(ParentRunner.java:42) [junit-4.8.2.jar:na]
	at org.junit.runners.ParentRunner$2.evaluate(ParentRunner.java:184) [junit-4.8.2.jar:na]
	at org.junit.runners.ParentRunner.run(ParentRunner.java:236) [junit-4.8.2.jar:na]
	at org.eclipse.jdt.internal.junit4.runner.JUnit4TestReference.run(JUnit4TestReference.java:49) [.cp/:na]
	at org.eclipse.jdt.internal.junit.runner.TestExecution.run(TestExecution.java:38) [.cp/:na]
	at org.eclipse.jdt.internal.junit.runner.RemoteTestRunner.runTests(RemoteTestRunner.java:467) [.cp/:na]
	at org.eclipse.jdt.internal.junit.runner.RemoteTestRunner.runTests(RemoteTestRunner.java:683) [.cp/:na]
	at org.eclipse.jdt.internal.junit.runner.RemoteTestRunner.run(RemoteTestRunner.java:390) [.cp/:na]
	at org.eclipse.jdt.internal.junit.runner.RemoteTestRunner.main(RemoteTestRunner.java:197) [.cp/:na]
Caused by: javax.naming.NoInitialContextException: Need to specify class name in environment or system property, or as an applet parameter, or in an application resource file:  java.naming.factory.initial
	at javax.naming.spi.NamingManager.getInitialContext(NamingManager.java:645) [na:1.6.0_24]
	at javax.naming.InitialContext.getDefaultInitCtx(InitialContext.java:288) [na:1.6.0_24]
	at javax.naming.InitialContext.getURLOrDefaultInitCtx(InitialContext.java:325) [na:1.6.0_24]
	at javax.naming.InitialContext.lookup(InitialContext.java:392) [na:1.6.0_24]
	at javax.naming.InitialContext.doLookup(InitialContext.java:265) [na:1.6.0_24]
	at de.fhg.fokus.ngni.broker.openpe.db.drools.impl.DrlPolicyRepositoryImpl.config(DrlPolicyRepositoryImpl.java:50) [classes/:na]
	... 30 common frames omitted
18:05:52,[OpenPE],INFO,[de.fhg.fokus.ngni.openpe.action.drl.doprint.DoPrintEnforcer:29] - Ce faci tu?
18:05:52,[OpenPE],ERROR,[de.fhg.fokus.ngni.broker.eval.drools.DrlPolicyEvaluationImpl:79] - Message has been ALLOWED
18:05:52,[OpenPE],DEBUG,[de.fhg.fokus.ngni.openpe.action.drl.denyrequest.DenyRequestEnforcer:33] - Denied because Because of the user
18:05:52,[OpenPE],ERROR,[de.fhg.fokus.ngni.broker.eval.drools.DrlPolicyEvaluationImpl:84] - Message has been DENIED
18:06:05,[OpenPE],DEBUG,[de.fhg.fokus.ngni.broker.openpe.context.impl.RuleActionsRegistryImpl:25] - Just actions which explicit register will be taken into consideration
18:06:05,[OpenPE],ERROR,[de.fhg.fokus.ngni.broker.openpe.configuration.OpenPEConfiguration:57] - Lookup failed for: []jdbc/PE_JNDI
de.fhg.fokus.ngni.broker.openpe.context.ConfigurationException: Lookup failed for: []jdbc/PE_JNDI
	at de.fhg.fokus.ngni.broker.openpe.db.drools.impl.DrlPolicyRepositoryImpl.config(DrlPolicyRepositoryImpl.java:53) [classes/:na]
	at de.fhg.fokus.ngni.broker.openpe.db.impl.PolicyRepositoryManagerImpl.config(PolicyRepositoryManagerImpl.java:25) [classes/:na]
	at de.fhg.fokus.ngni.broker.openpe.context.impl.OpenPEContextImpl.configRepos(OpenPEContextImpl.java:110) [classes/:na]
	at de.fhg.fokus.ngni.broker.openpe.configuration.OpenPEConfigurationListener.config(OpenPEConfigurationListener.java:52) [classes/:na]
	at de.fhg.fokus.ngni.broker.openpe.configuration.OpenPEConfigurationListener.onInit(OpenPEConfigurationListener.java:45) [classes/:na]
	at de.fhg.fokus.ngni.broker.openpe.configuration.ServiceConfiguration.fireOnInit(ServiceConfiguration.java:305) [classes/:na]
	at de.fhg.fokus.ngni.broker.openpe.configuration.ServiceConfiguration.init(ServiceConfiguration.java:68) [classes/:na]
	at drools.test.DroolsPolicyEvaluationTest.setUp(DroolsPolicyEvaluationTest.java:108) [test-classes/:na]
	at sun.reflect.NativeMethodAccessorImpl.invoke0(Native Method) [na:1.6.0_24]
	at sun.reflect.NativeMethodAccessorImpl.invoke(NativeMethodAccessorImpl.java:39) [na:1.6.0_24]
	at sun.reflect.DelegatingMethodAccessorImpl.invoke(DelegatingMethodAccessorImpl.java:25) [na:1.6.0_24]
	at java.lang.reflect.Method.invoke(Method.java:597) [na:1.6.0_24]
	at org.junit.runners.model.FrameworkMethod$1.runReflectiveCall(FrameworkMethod.java:44) [junit-4.8.2.jar:na]
	at org.junit.internal.runners.model.ReflectiveCallable.run(ReflectiveCallable.java:15) [junit-4.8.2.jar:na]
	at org.junit.runners.model.FrameworkMethod.invokeExplosively(FrameworkMethod.java:41) [junit-4.8.2.jar:na]
	at org.junit.internal.runners.statements.RunBefores.evaluate(RunBefores.java:27) [junit-4.8.2.jar:na]
	at org.junit.runners.BlockJUnit4ClassRunner.runNotIgnored(BlockJUnit4ClassRunner.java:79) [junit-4.8.2.jar:na]
	at org.junit.runners.BlockJUnit4ClassRunner.runChild(BlockJUnit4ClassRunner.java:71) [junit-4.8.2.jar:na]
	at org.junit.runners.BlockJUnit4ClassRunner.runChild(BlockJUnit4ClassRunner.java:49) [junit-4.8.2.jar:na]
	at org.junit.runners.ParentRunner$3.run(ParentRunner.java:193) [junit-4.8.2.jar:na]
	at org.junit.runners.ParentRunner$1.schedule(ParentRunner.java:52) [junit-4.8.2.jar:na]
	at org.junit.runners.ParentRunner.runChildren(ParentRunner.java:191) [junit-4.8.2.jar:na]
	at org.junit.runners.ParentRunner.access$000(ParentRunner.java:42) [junit-4.8.2.jar:na]
	at org.junit.runners.ParentRunner$2.evaluate(ParentRunner.java:184) [junit-4.8.2.jar:na]
	at org.junit.runners.ParentRunner.run(ParentRunner.java:236) [junit-4.8.2.jar:na]
	at org.eclipse.jdt.internal.junit4.runner.JUnit4TestReference.run(JUnit4TestReference.java:49) [.cp/:na]
	at org.eclipse.jdt.internal.junit.runner.TestExecution.run(TestExecution.java:38) [.cp/:na]
	at org.eclipse.jdt.internal.junit.runner.RemoteTestRunner.runTests(RemoteTestRunner.java:467) [.cp/:na]
	at org.eclipse.jdt.internal.junit.runner.RemoteTestRunner.runTests(RemoteTestRunner.java:683) [.cp/:na]
	at org.eclipse.jdt.internal.junit.runner.RemoteTestRunner.run(RemoteTestRunner.java:390) [.cp/:na]
	at org.eclipse.jdt.internal.junit.runner.RemoteTestRunner.main(RemoteTestRunner.java:197) [.cp/:na]
Caused by: javax.naming.NoInitialContextException: Need to specify class name in environment or system property, or as an applet parameter, or in an application resource file:  java.naming.factory.initial
	at javax.naming.spi.NamingManager.getInitialContext(NamingManager.java:645) [na:1.6.0_24]
	at javax.naming.InitialContext.getDefaultInitCtx(InitialContext.java:288) [na:1.6.0_24]
	at javax.naming.InitialContext.getURLOrDefaultInitCtx(InitialContext.java:325) [na:1.6.0_24]
	at javax.naming.InitialContext.lookup(InitialContext.java:392) [na:1.6.0_24]
	at javax.naming.InitialContext.doLookup(InitialContext.java:265) [na:1.6.0_24]
	at de.fhg.fokus.ngni.broker.openpe.db.drools.impl.DrlPolicyRepositoryImpl.config(DrlPolicyRepositoryImpl.java:50) [classes/:na]
	... 30 common frames omitted
18:06:07,[OpenPE],ERROR,[de.fhg.fokus.ngni.broker.openpe.model.drools.PolicyValidation:22] - Unable to build expression for 'consequence': Failed to compile: 1 compilation error(s): 
 - (1,19) unqualified type in strict mode for: name '	System.out.println("test" + $params.get(0).name)
	DrlAction action = new DrlAction("doPrint");
	action.addAttribute("message", "Ce faci tu?");
	actionMng.execute(drools.getRule(), action)
' : [Rule name='r1']

18:07:13,[OpenPE],DEBUG,[de.fhg.fokus.ngni.broker.openpe.context.impl.RuleActionsRegistryImpl:25] - Just actions which explicit register will be taken into consideration
18:07:13,[OpenPE],ERROR,[de.fhg.fokus.ngni.broker.openpe.configuration.OpenPEConfiguration:57] - Lookup failed for: []jdbc/PE_JNDI
de.fhg.fokus.ngni.broker.openpe.context.ConfigurationException: Lookup failed for: []jdbc/PE_JNDI
	at de.fhg.fokus.ngni.broker.openpe.db.drools.impl.DrlPolicyRepositoryImpl.config(DrlPolicyRepositoryImpl.java:53) [classes/:na]
	at de.fhg.fokus.ngni.broker.openpe.db.impl.PolicyRepositoryManagerImpl.config(PolicyRepositoryManagerImpl.java:25) [classes/:na]
	at de.fhg.fokus.ngni.broker.openpe.context.impl.OpenPEContextImpl.configRepos(OpenPEContextImpl.java:110) [classes/:na]
	at de.fhg.fokus.ngni.broker.openpe.configuration.OpenPEConfigurationListener.config(OpenPEConfigurationListener.java:52) [classes/:na]
	at de.fhg.fokus.ngni.broker.openpe.configuration.OpenPEConfigurationListener.onInit(OpenPEConfigurationListener.java:45) [classes/:na]
	at de.fhg.fokus.ngni.broker.openpe.configuration.ServiceConfiguration.fireOnInit(ServiceConfiguration.java:305) [classes/:na]
	at de.fhg.fokus.ngni.broker.openpe.configuration.ServiceConfiguration.init(ServiceConfiguration.java:68) [classes/:na]
	at drools.test.DroolsPolicyEvaluationTest.setUp(DroolsPolicyEvaluationTest.java:108) [test-classes/:na]
	at sun.reflect.NativeMethodAccessorImpl.invoke0(Native Method) [na:1.6.0_24]
	at sun.reflect.NativeMethodAccessorImpl.invoke(NativeMethodAccessorImpl.java:39) [na:1.6.0_24]
	at sun.reflect.DelegatingMethodAccessorImpl.invoke(DelegatingMethodAccessorImpl.java:25) [na:1.6.0_24]
	at java.lang.reflect.Method.invoke(Method.java:597) [na:1.6.0_24]
	at org.junit.runners.model.FrameworkMethod$1.runReflectiveCall(FrameworkMethod.java:44) [junit-4.8.2.jar:na]
	at org.junit.internal.runners.model.ReflectiveCallable.run(ReflectiveCallable.java:15) [junit-4.8.2.jar:na]
	at org.junit.runners.model.FrameworkMethod.invokeExplosively(FrameworkMethod.java:41) [junit-4.8.2.jar:na]
	at org.junit.internal.runners.statements.RunBefores.evaluate(RunBefores.java:27) [junit-4.8.2.jar:na]
	at org.junit.runners.BlockJUnit4ClassRunner.runNotIgnored(BlockJUnit4ClassRunner.java:79) [junit-4.8.2.jar:na]
	at org.junit.runners.BlockJUnit4ClassRunner.runChild(BlockJUnit4ClassRunner.java:71) [junit-4.8.2.jar:na]
	at org.junit.runners.BlockJUnit4ClassRunner.runChild(BlockJUnit4ClassRunner.java:49) [junit-4.8.2.jar:na]
	at org.junit.runners.ParentRunner$3.run(ParentRunner.java:193) [junit-4.8.2.jar:na]
	at org.junit.runners.ParentRunner$1.schedule(ParentRunner.java:52) [junit-4.8.2.jar:na]
	at org.junit.runners.ParentRunner.runChildren(ParentRunner.java:191) [junit-4.8.2.jar:na]
	at org.junit.runners.ParentRunner.access$000(ParentRunner.java:42) [junit-4.8.2.jar:na]
	at org.junit.runners.ParentRunner$2.evaluate(ParentRunner.java:184) [junit-4.8.2.jar:na]
	at org.junit.runners.ParentRunner.run(ParentRunner.java:236) [junit-4.8.2.jar:na]
	at org.eclipse.jdt.internal.junit4.runner.JUnit4TestReference.run(JUnit4TestReference.java:49) [.cp/:na]
	at org.eclipse.jdt.internal.junit.runner.TestExecution.run(TestExecution.java:38) [.cp/:na]
	at org.eclipse.jdt.internal.junit.runner.RemoteTestRunner.runTests(RemoteTestRunner.java:467) [.cp/:na]
	at org.eclipse.jdt.internal.junit.runner.RemoteTestRunner.runTests(RemoteTestRunner.java:683) [.cp/:na]
	at org.eclipse.jdt.internal.junit.runner.RemoteTestRunner.run(RemoteTestRunner.java:390) [.cp/:na]
	at org.eclipse.jdt.internal.junit.runner.RemoteTestRunner.main(RemoteTestRunner.java:197) [.cp/:na]
Caused by: javax.naming.NoInitialContextException: Need to specify class name in environment or system property, or as an applet parameter, or in an application resource file:  java.naming.factory.initial
	at javax.naming.spi.NamingManager.getInitialContext(NamingManager.java:645) [na:1.6.0_24]
	at javax.naming.InitialContext.getDefaultInitCtx(InitialContext.java:288) [na:1.6.0_24]
	at javax.naming.InitialContext.getURLOrDefaultInitCtx(InitialContext.java:325) [na:1.6.0_24]
	at javax.naming.InitialContext.lookup(InitialContext.java:392) [na:1.6.0_24]
	at javax.naming.InitialContext.doLookup(InitialContext.java:265) [na:1.6.0_24]
	at de.fhg.fokus.ngni.broker.openpe.db.drools.impl.DrlPolicyRepositoryImpl.config(DrlPolicyRepositoryImpl.java:50) [classes/:na]
	... 30 common frames omitted
18:07:15,[OpenPE],INFO,[de.fhg.fokus.ngni.openpe.action.drl.doprint.DoPrintEnforcer:29] - Ce faci tu?
18:07:15,[OpenPE],ERROR,[de.fhg.fokus.ngni.broker.eval.drools.DrlPolicyEvaluationImpl:79] - Message has been ALLOWED
18:07:15,[OpenPE],DEBUG,[de.fhg.fokus.ngni.openpe.action.drl.denyrequest.DenyRequestEnforcer:33] - Denied because Because of the user
18:07:15,[OpenPE],ERROR,[de.fhg.fokus.ngni.broker.eval.drools.DrlPolicyEvaluationImpl:84] - Message has been DENIED
18:07:38,[OpenPE],DEBUG,[de.fhg.fokus.ngni.broker.openpe.context.impl.RuleActionsRegistryImpl:25] - Just actions which explicit register will be taken into consideration
18:07:38,[OpenPE],ERROR,[de.fhg.fokus.ngni.broker.openpe.configuration.OpenPEConfiguration:57] - Lookup failed for: []jdbc/PE_JNDI
de.fhg.fokus.ngni.broker.openpe.context.ConfigurationException: Lookup failed for: []jdbc/PE_JNDI
	at de.fhg.fokus.ngni.broker.openpe.db.drools.impl.DrlPolicyRepositoryImpl.config(DrlPolicyRepositoryImpl.java:53) [classes/:na]
	at de.fhg.fokus.ngni.broker.openpe.db.impl.PolicyRepositoryManagerImpl.config(PolicyRepositoryManagerImpl.java:25) [classes/:na]
	at de.fhg.fokus.ngni.broker.openpe.context.impl.OpenPEContextImpl.configRepos(OpenPEContextImpl.java:110) [classes/:na]
	at de.fhg.fokus.ngni.broker.openpe.configuration.OpenPEConfigurationListener.config(OpenPEConfigurationListener.java:52) [classes/:na]
	at de.fhg.fokus.ngni.broker.openpe.configuration.OpenPEConfigurationListener.onInit(OpenPEConfigurationListener.java:45) [classes/:na]
	at de.fhg.fokus.ngni.broker.openpe.configuration.ServiceConfiguration.fireOnInit(ServiceConfiguration.java:305) [classes/:na]
	at de.fhg.fokus.ngni.broker.openpe.configuration.ServiceConfiguration.init(ServiceConfiguration.java:68) [classes/:na]
	at drools.test.DroolsPolicyEvaluationTest.setUp(DroolsPolicyEvaluationTest.java:108) [test-classes/:na]
	at sun.reflect.NativeMethodAccessorImpl.invoke0(Native Method) [na:1.6.0_24]
	at sun.reflect.NativeMethodAccessorImpl.invoke(NativeMethodAccessorImpl.java:39) [na:1.6.0_24]
	at sun.reflect.DelegatingMethodAccessorImpl.invoke(DelegatingMethodAccessorImpl.java:25) [na:1.6.0_24]
	at java.lang.reflect.Method.invoke(Method.java:597) [na:1.6.0_24]
	at org.junit.runners.model.FrameworkMethod$1.runReflectiveCall(FrameworkMethod.java:44) [junit-4.8.2.jar:na]
	at org.junit.internal.runners.model.ReflectiveCallable.run(ReflectiveCallable.java:15) [junit-4.8.2.jar:na]
	at org.junit.runners.model.FrameworkMethod.invokeExplosively(FrameworkMethod.java:41) [junit-4.8.2.jar:na]
	at org.junit.internal.runners.statements.RunBefores.evaluate(RunBefores.java:27) [junit-4.8.2.jar:na]
	at org.junit.runners.BlockJUnit4ClassRunner.runNotIgnored(BlockJUnit4ClassRunner.java:79) [junit-4.8.2.jar:na]
	at org.junit.runners.BlockJUnit4ClassRunner.runChild(BlockJUnit4ClassRunner.java:71) [junit-4.8.2.jar:na]
	at org.junit.runners.BlockJUnit4ClassRunner.runChild(BlockJUnit4ClassRunner.java:49) [junit-4.8.2.jar:na]
	at org.junit.runners.ParentRunner$3.run(ParentRunner.java:193) [junit-4.8.2.jar:na]
	at org.junit.runners.ParentRunner$1.schedule(ParentRunner.java:52) [junit-4.8.2.jar:na]
	at org.junit.runners.ParentRunner.runChildren(ParentRunner.java:191) [junit-4.8.2.jar:na]
	at org.junit.runners.ParentRunner.access$000(ParentRunner.java:42) [junit-4.8.2.jar:na]
	at org.junit.runners.ParentRunner$2.evaluate(ParentRunner.java:184) [junit-4.8.2.jar:na]
	at org.junit.runners.ParentRunner.run(ParentRunner.java:236) [junit-4.8.2.jar:na]
	at org.eclipse.jdt.internal.junit4.runner.JUnit4TestReference.run(JUnit4TestReference.java:49) [.cp/:na]
	at org.eclipse.jdt.internal.junit.runner.TestExecution.run(TestExecution.java:38) [.cp/:na]
	at org.eclipse.jdt.internal.junit.runner.RemoteTestRunner.runTests(RemoteTestRunner.java:467) [.cp/:na]
	at org.eclipse.jdt.internal.junit.runner.RemoteTestRunner.runTests(RemoteTestRunner.java:683) [.cp/:na]
	at org.eclipse.jdt.internal.junit.runner.RemoteTestRunner.run(RemoteTestRunner.java:390) [.cp/:na]
	at org.eclipse.jdt.internal.junit.runner.RemoteTestRunner.main(RemoteTestRunner.java:197) [.cp/:na]
Caused by: javax.naming.NoInitialContextException: Need to specify class name in environment or system property, or as an applet parameter, or in an application resource file:  java.naming.factory.initial
	at javax.naming.spi.NamingManager.getInitialContext(NamingManager.java:645) [na:1.6.0_24]
	at javax.naming.InitialContext.getDefaultInitCtx(InitialContext.java:288) [na:1.6.0_24]
	at javax.naming.InitialContext.getURLOrDefaultInitCtx(InitialContext.java:325) [na:1.6.0_24]
	at javax.naming.InitialContext.lookup(InitialContext.java:392) [na:1.6.0_24]
	at javax.naming.InitialContext.doLookup(InitialContext.java:265) [na:1.6.0_24]
	at de.fhg.fokus.ngni.broker.openpe.db.drools.impl.DrlPolicyRepositoryImpl.config(DrlPolicyRepositoryImpl.java:50) [classes/:na]
	... 30 common frames omitted
18:07:39,[OpenPE],ERROR,[de.fhg.fokus.ngni.broker.openpe.model.drools.PolicyValidation:22] - Unable to build expression for 'consequence': Failed to compile: 1 compilation error(s): 
 - (1,24) unable to resolve method using strict-mode: java.lang.Object.getName() '	System.out.println("test" + $params.get(0).getName())
	DrlAction action = new DrlAction("doPrint");
	action.addAttribute("message", "Ce faci tu?");
	actionMng.execute(drools.getRule(), action)
' : [Rule name='r1']

18:08:11,[OpenPE],DEBUG,[de.fhg.fokus.ngni.broker.openpe.context.impl.RuleActionsRegistryImpl:25] - Just actions which explicit register will be taken into consideration
18:08:11,[OpenPE],ERROR,[de.fhg.fokus.ngni.broker.openpe.configuration.OpenPEConfiguration:57] - Lookup failed for: []jdbc/PE_JNDI
de.fhg.fokus.ngni.broker.openpe.context.ConfigurationException: Lookup failed for: []jdbc/PE_JNDI
	at de.fhg.fokus.ngni.broker.openpe.db.drools.impl.DrlPolicyRepositoryImpl.config(DrlPolicyRepositoryImpl.java:53) [classes/:na]
	at de.fhg.fokus.ngni.broker.openpe.db.impl.PolicyRepositoryManagerImpl.config(PolicyRepositoryManagerImpl.java:25) [classes/:na]
	at de.fhg.fokus.ngni.broker.openpe.context.impl.OpenPEContextImpl.configRepos(OpenPEContextImpl.java:110) [classes/:na]
	at de.fhg.fokus.ngni.broker.openpe.configuration.OpenPEConfigurationListener.config(OpenPEConfigurationListener.java:52) [classes/:na]
	at de.fhg.fokus.ngni.broker.openpe.configuration.OpenPEConfigurationListener.onInit(OpenPEConfigurationListener.java:45) [classes/:na]
	at de.fhg.fokus.ngni.broker.openpe.configuration.ServiceConfiguration.fireOnInit(ServiceConfiguration.java:305) [classes/:na]
	at de.fhg.fokus.ngni.broker.openpe.configuration.ServiceConfiguration.init(ServiceConfiguration.java:68) [classes/:na]
	at drools.test.DroolsPolicyEvaluationTest.setUp(DroolsPolicyEvaluationTest.java:108) [test-classes/:na]
	at sun.reflect.NativeMethodAccessorImpl.invoke0(Native Method) [na:1.6.0_24]
	at sun.reflect.NativeMethodAccessorImpl.invoke(NativeMethodAccessorImpl.java:39) [na:1.6.0_24]
	at sun.reflect.DelegatingMethodAccessorImpl.invoke(DelegatingMethodAccessorImpl.java:25) [na:1.6.0_24]
	at java.lang.reflect.Method.invoke(Method.java:597) [na:1.6.0_24]
	at org.junit.runners.model.FrameworkMethod$1.runReflectiveCall(FrameworkMethod.java:44) [junit-4.8.2.jar:na]
	at org.junit.internal.runners.model.ReflectiveCallable.run(ReflectiveCallable.java:15) [junit-4.8.2.jar:na]
	at org.junit.runners.model.FrameworkMethod.invokeExplosively(FrameworkMethod.java:41) [junit-4.8.2.jar:na]
	at org.junit.internal.runners.statements.RunBefores.evaluate(RunBefores.java:27) [junit-4.8.2.jar:na]
	at org.junit.runners.BlockJUnit4ClassRunner.runNotIgnored(BlockJUnit4ClassRunner.java:79) [junit-4.8.2.jar:na]
	at org.junit.runners.BlockJUnit4ClassRunner.runChild(BlockJUnit4ClassRunner.java:71) [junit-4.8.2.jar:na]
	at org.junit.runners.BlockJUnit4ClassRunner.runChild(BlockJUnit4ClassRunner.java:49) [junit-4.8.2.jar:na]
	at org.junit.runners.ParentRunner$3.run(ParentRunner.java:193) [junit-4.8.2.jar:na]
	at org.junit.runners.ParentRunner$1.schedule(ParentRunner.java:52) [junit-4.8.2.jar:na]
	at org.junit.runners.ParentRunner.runChildren(ParentRunner.java:191) [junit-4.8.2.jar:na]
	at org.junit.runners.ParentRunner.access$000(ParentRunner.java:42) [junit-4.8.2.jar:na]
	at org.junit.runners.ParentRunner$2.evaluate(ParentRunner.java:184) [junit-4.8.2.jar:na]
	at org.junit.runners.ParentRunner.run(ParentRunner.java:236) [junit-4.8.2.jar:na]
	at org.eclipse.jdt.internal.junit4.runner.JUnit4TestReference.run(JUnit4TestReference.java:49) [.cp/:na]
	at org.eclipse.jdt.internal.junit.runner.TestExecution.run(TestExecution.java:38) [.cp/:na]
	at org.eclipse.jdt.internal.junit.runner.RemoteTestRunner.runTests(RemoteTestRunner.java:467) [.cp/:na]
	at org.eclipse.jdt.internal.junit.runner.RemoteTestRunner.runTests(RemoteTestRunner.java:683) [.cp/:na]
	at org.eclipse.jdt.internal.junit.runner.RemoteTestRunner.run(RemoteTestRunner.java:390) [.cp/:na]
	at org.eclipse.jdt.internal.junit.runner.RemoteTestRunner.main(RemoteTestRunner.java:197) [.cp/:na]
Caused by: javax.naming.NoInitialContextException: Need to specify class name in environment or system property, or as an applet parameter, or in an application resource file:  java.naming.factory.initial
	at javax.naming.spi.NamingManager.getInitialContext(NamingManager.java:645) [na:1.6.0_24]
	at javax.naming.InitialContext.getDefaultInitCtx(InitialContext.java:288) [na:1.6.0_24]
	at javax.naming.InitialContext.getURLOrDefaultInitCtx(InitialContext.java:325) [na:1.6.0_24]
	at javax.naming.InitialContext.lookup(InitialContext.java:392) [na:1.6.0_24]
	at javax.naming.InitialContext.doLookup(InitialContext.java:265) [na:1.6.0_24]
	at de.fhg.fokus.ngni.broker.openpe.db.drools.impl.DrlPolicyRepositoryImpl.config(DrlPolicyRepositoryImpl.java:50) [classes/:na]
	... 30 common frames omitted
18:08:13,[OpenPE],INFO,[de.fhg.fokus.ngni.openpe.action.drl.doprint.DoPrintEnforcer:29] - Ce faci tu?
18:08:13,[OpenPE],ERROR,[de.fhg.fokus.ngni.broker.eval.drools.DrlPolicyEvaluationImpl:79] - Message has been ALLOWED
18:08:13,[OpenPE],DEBUG,[de.fhg.fokus.ngni.openpe.action.drl.denyrequest.DenyRequestEnforcer:33] - Denied because Because of the user
18:08:13,[OpenPE],ERROR,[de.fhg.fokus.ngni.broker.eval.drools.DrlPolicyEvaluationImpl:84] - Message has been DENIED
18:09:03,[OpenPE],DEBUG,[de.fhg.fokus.ngni.broker.openpe.context.impl.RuleActionsRegistryImpl:25] - Just actions which explicit register will be taken into consideration
18:09:03,[OpenPE],ERROR,[de.fhg.fokus.ngni.broker.openpe.configuration.OpenPEConfiguration:57] - Lookup failed for: []jdbc/PE_JNDI
de.fhg.fokus.ngni.broker.openpe.context.ConfigurationException: Lookup failed for: []jdbc/PE_JNDI
	at de.fhg.fokus.ngni.broker.openpe.db.drools.impl.DrlPolicyRepositoryImpl.config(DrlPolicyRepositoryImpl.java:53) [classes/:na]
	at de.fhg.fokus.ngni.broker.openpe.db.impl.PolicyRepositoryManagerImpl.config(PolicyRepositoryManagerImpl.java:25) [classes/:na]
	at de.fhg.fokus.ngni.broker.openpe.context.impl.OpenPEContextImpl.configRepos(OpenPEContextImpl.java:110) [classes/:na]
	at de.fhg.fokus.ngni.broker.openpe.configuration.OpenPEConfigurationListener.config(OpenPEConfigurationListener.java:52) [classes/:na]
	at de.fhg.fokus.ngni.broker.openpe.configuration.OpenPEConfigurationListener.onInit(OpenPEConfigurationListener.java:45) [classes/:na]
	at de.fhg.fokus.ngni.broker.openpe.configuration.ServiceConfiguration.fireOnInit(ServiceConfiguration.java:305) [classes/:na]
	at de.fhg.fokus.ngni.broker.openpe.configuration.ServiceConfiguration.init(ServiceConfiguration.java:68) [classes/:na]
	at drools.test.DroolsPolicyEvaluationTest.setUp(DroolsPolicyEvaluationTest.java:108) [test-classes/:na]
	at sun.reflect.NativeMethodAccessorImpl.invoke0(Native Method) [na:1.6.0_24]
	at sun.reflect.NativeMethodAccessorImpl.invoke(NativeMethodAccessorImpl.java:39) [na:1.6.0_24]
	at sun.reflect.DelegatingMethodAccessorImpl.invoke(DelegatingMethodAccessorImpl.java:25) [na:1.6.0_24]
	at java.lang.reflect.Method.invoke(Method.java:597) [na:1.6.0_24]
	at org.junit.runners.model.FrameworkMethod$1.runReflectiveCall(FrameworkMethod.java:44) [junit-4.8.2.jar:na]
	at org.junit.internal.runners.model.ReflectiveCallable.run(ReflectiveCallable.java:15) [junit-4.8.2.jar:na]
	at org.junit.runners.model.FrameworkMethod.invokeExplosively(FrameworkMethod.java:41) [junit-4.8.2.jar:na]
	at org.junit.internal.runners.statements.RunBefores.evaluate(RunBefores.java:27) [junit-4.8.2.jar:na]
	at org.junit.runners.BlockJUnit4ClassRunner.runNotIgnored(BlockJUnit4ClassRunner.java:79) [junit-4.8.2.jar:na]
	at org.junit.runners.BlockJUnit4ClassRunner.runChild(BlockJUnit4ClassRunner.java:71) [junit-4.8.2.jar:na]
	at org.junit.runners.BlockJUnit4ClassRunner.runChild(BlockJUnit4ClassRunner.java:49) [junit-4.8.2.jar:na]
	at org.junit.runners.ParentRunner$3.run(ParentRunner.java:193) [junit-4.8.2.jar:na]
	at org.junit.runners.ParentRunner$1.schedule(ParentRunner.java:52) [junit-4.8.2.jar:na]
	at org.junit.runners.ParentRunner.runChildren(ParentRunner.java:191) [junit-4.8.2.jar:na]
	at org.junit.runners.ParentRunner.access$000(ParentRunner.java:42) [junit-4.8.2.jar:na]
	at org.junit.runners.ParentRunner$2.evaluate(ParentRunner.java:184) [junit-4.8.2.jar:na]
	at org.junit.runners.ParentRunner.run(ParentRunner.java:236) [junit-4.8.2.jar:na]
	at org.eclipse.jdt.internal.junit4.runner.JUnit4TestReference.run(JUnit4TestReference.java:49) [.cp/:na]
	at org.eclipse.jdt.internal.junit.runner.TestExecution.run(TestExecution.java:38) [.cp/:na]
	at org.eclipse.jdt.internal.junit.runner.RemoteTestRunner.runTests(RemoteTestRunner.java:467) [.cp/:na]
	at org.eclipse.jdt.internal.junit.runner.RemoteTestRunner.runTests(RemoteTestRunner.java:683) [.cp/:na]
	at org.eclipse.jdt.internal.junit.runner.RemoteTestRunner.run(RemoteTestRunner.java:390) [.cp/:na]
	at org.eclipse.jdt.internal.junit.runner.RemoteTestRunner.main(RemoteTestRunner.java:197) [.cp/:na]
Caused by: javax.naming.NoInitialContextException: Need to specify class name in environment or system property, or as an applet parameter, or in an application resource file:  java.naming.factory.initial
	at javax.naming.spi.NamingManager.getInitialContext(NamingManager.java:645) [na:1.6.0_24]
	at javax.naming.InitialContext.getDefaultInitCtx(InitialContext.java:288) [na:1.6.0_24]
	at javax.naming.InitialContext.getURLOrDefaultInitCtx(InitialContext.java:325) [na:1.6.0_24]
	at javax.naming.InitialContext.lookup(InitialContext.java:392) [na:1.6.0_24]
	at javax.naming.InitialContext.doLookup(InitialContext.java:265) [na:1.6.0_24]
	at de.fhg.fokus.ngni.broker.openpe.db.drools.impl.DrlPolicyRepositoryImpl.config(DrlPolicyRepositoryImpl.java:50) [classes/:na]
	... 30 common frames omitted
18:11:19,[OpenPE],DEBUG,[de.fhg.fokus.ngni.broker.openpe.context.impl.RuleActionsRegistryImpl:25] - Just actions which explicit register will be taken into consideration
18:11:19,[OpenPE],ERROR,[de.fhg.fokus.ngni.broker.openpe.configuration.OpenPEConfiguration:57] - Lookup failed for: []jdbc/PE_JNDI
de.fhg.fokus.ngni.broker.openpe.context.ConfigurationException: Lookup failed for: []jdbc/PE_JNDI
	at de.fhg.fokus.ngni.broker.openpe.db.drools.impl.DrlPolicyRepositoryImpl.config(DrlPolicyRepositoryImpl.java:53) [classes/:na]
	at de.fhg.fokus.ngni.broker.openpe.db.impl.PolicyRepositoryManagerImpl.config(PolicyRepositoryManagerImpl.java:25) [classes/:na]
	at de.fhg.fokus.ngni.broker.openpe.context.impl.OpenPEContextImpl.configRepos(OpenPEContextImpl.java:110) [classes/:na]
	at de.fhg.fokus.ngni.broker.openpe.configuration.OpenPEConfigurationListener.config(OpenPEConfigurationListener.java:52) [classes/:na]
	at de.fhg.fokus.ngni.broker.openpe.configuration.OpenPEConfigurationListener.onInit(OpenPEConfigurationListener.java:45) [classes/:na]
	at de.fhg.fokus.ngni.broker.openpe.configuration.ServiceConfiguration.fireOnInit(ServiceConfiguration.java:305) [classes/:na]
	at de.fhg.fokus.ngni.broker.openpe.configuration.ServiceConfiguration.init(ServiceConfiguration.java:68) [classes/:na]
	at drools.test.DroolsPolicyEvaluationTest.setUp(DroolsPolicyEvaluationTest.java:108) [test-classes/:na]
	at sun.reflect.NativeMethodAccessorImpl.invoke0(Native Method) [na:1.6.0_24]
	at sun.reflect.NativeMethodAccessorImpl.invoke(NativeMethodAccessorImpl.java:39) [na:1.6.0_24]
	at sun.reflect.DelegatingMethodAccessorImpl.invoke(DelegatingMethodAccessorImpl.java:25) [na:1.6.0_24]
	at java.lang.reflect.Method.invoke(Method.java:597) [na:1.6.0_24]
	at org.junit.runners.model.FrameworkMethod$1.runReflectiveCall(FrameworkMethod.java:44) [junit-4.8.2.jar:na]
	at org.junit.internal.runners.model.ReflectiveCallable.run(ReflectiveCallable.java:15) [junit-4.8.2.jar:na]
	at org.junit.runners.model.FrameworkMethod.invokeExplosively(FrameworkMethod.java:41) [junit-4.8.2.jar:na]
	at org.junit.internal.runners.statements.RunBefores.evaluate(RunBefores.java:27) [junit-4.8.2.jar:na]
	at org.junit.runners.BlockJUnit4ClassRunner.runNotIgnored(BlockJUnit4ClassRunner.java:79) [junit-4.8.2.jar:na]
	at org.junit.runners.BlockJUnit4ClassRunner.runChild(BlockJUnit4ClassRunner.java:71) [junit-4.8.2.jar:na]
	at org.junit.runners.BlockJUnit4ClassRunner.runChild(BlockJUnit4ClassRunner.java:49) [junit-4.8.2.jar:na]
	at org.junit.runners.ParentRunner$3.run(ParentRunner.java:193) [junit-4.8.2.jar:na]
	at org.junit.runners.ParentRunner$1.schedule(ParentRunner.java:52) [junit-4.8.2.jar:na]
	at org.junit.runners.ParentRunner.runChildren(ParentRunner.java:191) [junit-4.8.2.jar:na]
	at org.junit.runners.ParentRunner.access$000(ParentRunner.java:42) [junit-4.8.2.jar:na]
	at org.junit.runners.ParentRunner$2.evaluate(ParentRunner.java:184) [junit-4.8.2.jar:na]
	at org.junit.runners.ParentRunner.run(ParentRunner.java:236) [junit-4.8.2.jar:na]
	at org.eclipse.jdt.internal.junit4.runner.JUnit4TestReference.run(JUnit4TestReference.java:49) [.cp/:na]
	at org.eclipse.jdt.internal.junit.runner.TestExecution.run(TestExecution.java:38) [.cp/:na]
	at org.eclipse.jdt.internal.junit.runner.RemoteTestRunner.runTests(RemoteTestRunner.java:467) [.cp/:na]
	at org.eclipse.jdt.internal.junit.runner.RemoteTestRunner.runTests(RemoteTestRunner.java:683) [.cp/:na]
	at org.eclipse.jdt.internal.junit.runner.RemoteTestRunner.run(RemoteTestRunner.java:390) [.cp/:na]
	at org.eclipse.jdt.internal.junit.runner.RemoteTestRunner.main(RemoteTestRunner.java:197) [.cp/:na]
Caused by: javax.naming.NoInitialContextException: Need to specify class name in environment or system property, or as an applet parameter, or in an application resource file:  java.naming.factory.initial
	at javax.naming.spi.NamingManager.getInitialContext(NamingManager.java:645) [na:1.6.0_24]
	at javax.naming.InitialContext.getDefaultInitCtx(InitialContext.java:288) [na:1.6.0_24]
	at javax.naming.InitialContext.getURLOrDefaultInitCtx(InitialContext.java:325) [na:1.6.0_24]
	at javax.naming.InitialContext.lookup(InitialContext.java:392) [na:1.6.0_24]
	at javax.naming.InitialContext.doLookup(InitialContext.java:265) [na:1.6.0_24]
	at de.fhg.fokus.ngni.broker.openpe.db.drools.impl.DrlPolicyRepositoryImpl.config(DrlPolicyRepositoryImpl.java:50) [classes/:na]
	... 30 common frames omitted
18:17:16,[OpenPE],DEBUG,[de.fhg.fokus.ngni.broker.openpe.context.impl.RuleActionsRegistryImpl:25] - Just actions which explicit register will be taken into consideration
18:17:16,[OpenPE],ERROR,[de.fhg.fokus.ngni.broker.openpe.configuration.OpenPEConfiguration:57] - Lookup failed for: []jdbc/PE_JNDI
de.fhg.fokus.ngni.broker.openpe.context.ConfigurationException: Lookup failed for: []jdbc/PE_JNDI
	at de.fhg.fokus.ngni.broker.openpe.db.drools.impl.DrlPolicyRepositoryImpl.config(DrlPolicyRepositoryImpl.java:53) [classes/:na]
	at de.fhg.fokus.ngni.broker.openpe.db.impl.PolicyRepositoryManagerImpl.config(PolicyRepositoryManagerImpl.java:25) [classes/:na]
	at de.fhg.fokus.ngni.broker.openpe.context.impl.OpenPEContextImpl.configRepos(OpenPEContextImpl.java:110) [classes/:na]
	at de.fhg.fokus.ngni.broker.openpe.configuration.OpenPEConfigurationListener.config(OpenPEConfigurationListener.java:52) [classes/:na]
	at de.fhg.fokus.ngni.broker.openpe.configuration.OpenPEConfigurationListener.onInit(OpenPEConfigurationListener.java:45) [classes/:na]
	at de.fhg.fokus.ngni.broker.openpe.configuration.ServiceConfiguration.fireOnInit(ServiceConfiguration.java:305) [classes/:na]
	at de.fhg.fokus.ngni.broker.openpe.configuration.ServiceConfiguration.init(ServiceConfiguration.java:68) [classes/:na]
	at drools.test.DroolsPolicyEvaluationTest.setUp(DroolsPolicyEvaluationTest.java:108) [test-classes/:na]
	at sun.reflect.NativeMethodAccessorImpl.invoke0(Native Method) [na:1.6.0_24]
	at sun.reflect.NativeMethodAccessorImpl.invoke(NativeMethodAccessorImpl.java:39) [na:1.6.0_24]
	at sun.reflect.DelegatingMethodAccessorImpl.invoke(DelegatingMethodAccessorImpl.java:25) [na:1.6.0_24]
	at java.lang.reflect.Method.invoke(Method.java:597) [na:1.6.0_24]
	at org.junit.runners.model.FrameworkMethod$1.runReflectiveCall(FrameworkMethod.java:44) [junit-4.8.2.jar:na]
	at org.junit.internal.runners.model.ReflectiveCallable.run(ReflectiveCallable.java:15) [junit-4.8.2.jar:na]
	at org.junit.runners.model.FrameworkMethod.invokeExplosively(FrameworkMethod.java:41) [junit-4.8.2.jar:na]
	at org.junit.internal.runners.statements.RunBefores.evaluate(RunBefores.java:27) [junit-4.8.2.jar:na]
	at org.junit.runners.BlockJUnit4ClassRunner.runNotIgnored(BlockJUnit4ClassRunner.java:79) [junit-4.8.2.jar:na]
	at org.junit.runners.BlockJUnit4ClassRunner.runChild(BlockJUnit4ClassRunner.java:71) [junit-4.8.2.jar:na]
	at org.junit.runners.BlockJUnit4ClassRunner.runChild(BlockJUnit4ClassRunner.java:49) [junit-4.8.2.jar:na]
	at org.junit.runners.ParentRunner$3.run(ParentRunner.java:193) [junit-4.8.2.jar:na]
	at org.junit.runners.ParentRunner$1.schedule(ParentRunner.java:52) [junit-4.8.2.jar:na]
	at org.junit.runners.ParentRunner.runChildren(ParentRunner.java:191) [junit-4.8.2.jar:na]
	at org.junit.runners.ParentRunner.access$000(ParentRunner.java:42) [junit-4.8.2.jar:na]
	at org.junit.runners.ParentRunner$2.evaluate(ParentRunner.java:184) [junit-4.8.2.jar:na]
	at org.junit.runners.ParentRunner.run(ParentRunner.java:236) [junit-4.8.2.jar:na]
	at org.eclipse.jdt.internal.junit4.runner.JUnit4TestReference.run(JUnit4TestReference.java:49) [.cp/:na]
	at org.eclipse.jdt.internal.junit.runner.TestExecution.run(TestExecution.java:38) [.cp/:na]
	at org.eclipse.jdt.internal.junit.runner.RemoteTestRunner.runTests(RemoteTestRunner.java:467) [.cp/:na]
	at org.eclipse.jdt.internal.junit.runner.RemoteTestRunner.runTests(RemoteTestRunner.java:683) [.cp/:na]
	at org.eclipse.jdt.internal.junit.runner.RemoteTestRunner.run(RemoteTestRunner.java:390) [.cp/:na]
	at org.eclipse.jdt.internal.junit.runner.RemoteTestRunner.main(RemoteTestRunner.java:197) [.cp/:na]
Caused by: javax.naming.NoInitialContextException: Need to specify class name in environment or system property, or as an applet parameter, or in an application resource file:  java.naming.factory.initial
	at javax.naming.spi.NamingManager.getInitialContext(NamingManager.java:645) [na:1.6.0_24]
	at javax.naming.InitialContext.getDefaultInitCtx(InitialContext.java:288) [na:1.6.0_24]
	at javax.naming.InitialContext.getURLOrDefaultInitCtx(InitialContext.java:325) [na:1.6.0_24]
	at javax.naming.InitialContext.lookup(InitialContext.java:392) [na:1.6.0_24]
	at javax.naming.InitialContext.doLookup(InitialContext.java:265) [na:1.6.0_24]
	at de.fhg.fokus.ngni.broker.openpe.db.drools.impl.DrlPolicyRepositoryImpl.config(DrlPolicyRepositoryImpl.java:50) [classes/:na]
	... 30 common frames omitted
18:20:50,[OpenPE],DEBUG,[de.fhg.fokus.ngni.broker.openpe.context.impl.RuleActionsRegistryImpl:25] - Just actions which explicit register will be taken into consideration
18:20:50,[OpenPE],ERROR,[de.fhg.fokus.ngni.broker.openpe.configuration.OpenPEConfiguration:57] - Lookup failed for: []jdbc/PE_JNDI
de.fhg.fokus.ngni.broker.openpe.context.ConfigurationException: Lookup failed for: []jdbc/PE_JNDI
	at de.fhg.fokus.ngni.broker.openpe.db.drools.impl.DrlPolicyRepositoryImpl.config(DrlPolicyRepositoryImpl.java:53) [classes/:na]
	at de.fhg.fokus.ngni.broker.openpe.db.impl.PolicyRepositoryManagerImpl.config(PolicyRepositoryManagerImpl.java:25) [classes/:na]
	at de.fhg.fokus.ngni.broker.openpe.context.impl.OpenPEContextImpl.configRepos(OpenPEContextImpl.java:110) [classes/:na]
	at de.fhg.fokus.ngni.broker.openpe.configuration.OpenPEConfigurationListener.config(OpenPEConfigurationListener.java:52) [classes/:na]
	at de.fhg.fokus.ngni.broker.openpe.configuration.OpenPEConfigurationListener.onInit(OpenPEConfigurationListener.java:45) [classes/:na]
	at de.fhg.fokus.ngni.broker.openpe.configuration.ServiceConfiguration.fireOnInit(ServiceConfiguration.java:305) [classes/:na]
	at de.fhg.fokus.ngni.broker.openpe.configuration.ServiceConfiguration.init(ServiceConfiguration.java:68) [classes/:na]
	at drools.test.DroolsPolicyEvaluationTest.setUp(DroolsPolicyEvaluationTest.java:108) [test-classes/:na]
	at sun.reflect.NativeMethodAccessorImpl.invoke0(Native Method) [na:1.6.0_24]
	at sun.reflect.NativeMethodAccessorImpl.invoke(NativeMethodAccessorImpl.java:39) [na:1.6.0_24]
	at sun.reflect.DelegatingMethodAccessorImpl.invoke(DelegatingMethodAccessorImpl.java:25) [na:1.6.0_24]
	at java.lang.reflect.Method.invoke(Method.java:597) [na:1.6.0_24]
	at org.junit.runners.model.FrameworkMethod$1.runReflectiveCall(FrameworkMethod.java:44) [junit-4.8.2.jar:na]
	at org.junit.internal.runners.model.ReflectiveCallable.run(ReflectiveCallable.java:15) [junit-4.8.2.jar:na]
	at org.junit.runners.model.FrameworkMethod.invokeExplosively(FrameworkMethod.java:41) [junit-4.8.2.jar:na]
	at org.junit.internal.runners.statements.RunBefores.evaluate(RunBefores.java:27) [junit-4.8.2.jar:na]
	at org.junit.runners.BlockJUnit4ClassRunner.runNotIgnored(BlockJUnit4ClassRunner.java:79) [junit-4.8.2.jar:na]
	at org.junit.runners.BlockJUnit4ClassRunner.runChild(BlockJUnit4ClassRunner.java:71) [junit-4.8.2.jar:na]
	at org.junit.runners.BlockJUnit4ClassRunner.runChild(BlockJUnit4ClassRunner.java:49) [junit-4.8.2.jar:na]
	at org.junit.runners.ParentRunner$3.run(ParentRunner.java:193) [junit-4.8.2.jar:na]
	at org.junit.runners.ParentRunner$1.schedule(ParentRunner.java:52) [junit-4.8.2.jar:na]
	at org.junit.runners.ParentRunner.runChildren(ParentRunner.java:191) [junit-4.8.2.jar:na]
	at org.junit.runners.ParentRunner.access$000(ParentRunner.java:42) [junit-4.8.2.jar:na]
	at org.junit.runners.ParentRunner$2.evaluate(ParentRunner.java:184) [junit-4.8.2.jar:na]
	at org.junit.runners.ParentRunner.run(ParentRunner.java:236) [junit-4.8.2.jar:na]
	at org.eclipse.jdt.internal.junit4.runner.JUnit4TestReference.run(JUnit4TestReference.java:49) [.cp/:na]
	at org.eclipse.jdt.internal.junit.runner.TestExecution.run(TestExecution.java:38) [.cp/:na]
	at org.eclipse.jdt.internal.junit.runner.RemoteTestRunner.runTests(RemoteTestRunner.java:467) [.cp/:na]
	at org.eclipse.jdt.internal.junit.runner.RemoteTestRunner.runTests(RemoteTestRunner.java:683) [.cp/:na]
	at org.eclipse.jdt.internal.junit.runner.RemoteTestRunner.run(RemoteTestRunner.java:390) [.cp/:na]
	at org.eclipse.jdt.internal.junit.runner.RemoteTestRunner.main(RemoteTestRunner.java:197) [.cp/:na]
Caused by: javax.naming.NoInitialContextException: Need to specify class name in environment or system property, or as an applet parameter, or in an application resource file:  java.naming.factory.initial
	at javax.naming.spi.NamingManager.getInitialContext(NamingManager.java:645) [na:1.6.0_24]
	at javax.naming.InitialContext.getDefaultInitCtx(InitialContext.java:288) [na:1.6.0_24]
	at javax.naming.InitialContext.getURLOrDefaultInitCtx(InitialContext.java:325) [na:1.6.0_24]
	at javax.naming.InitialContext.lookup(InitialContext.java:392) [na:1.6.0_24]
	at javax.naming.InitialContext.doLookup(InitialContext.java:265) [na:1.6.0_24]
	at de.fhg.fokus.ngni.broker.openpe.db.drools.impl.DrlPolicyRepositoryImpl.config(DrlPolicyRepositoryImpl.java:50) [classes/:na]
	... 30 common frames omitted
18:22:40,[OpenPE],DEBUG,[de.fhg.fokus.ngni.broker.openpe.context.impl.RuleActionsRegistryImpl:25] - Just actions which explicit register will be taken into consideration
18:22:40,[OpenPE],ERROR,[de.fhg.fokus.ngni.broker.openpe.configuration.OpenPEConfiguration:57] - Lookup failed for: []jdbc/PE_JNDI
de.fhg.fokus.ngni.broker.openpe.context.ConfigurationException: Lookup failed for: []jdbc/PE_JNDI
	at de.fhg.fokus.ngni.broker.openpe.db.drools.impl.DrlPolicyRepositoryImpl.config(DrlPolicyRepositoryImpl.java:53) [classes/:na]
	at de.fhg.fokus.ngni.broker.openpe.db.impl.PolicyRepositoryManagerImpl.config(PolicyRepositoryManagerImpl.java:25) [classes/:na]
	at de.fhg.fokus.ngni.broker.openpe.context.impl.OpenPEContextImpl.configRepos(OpenPEContextImpl.java:110) [classes/:na]
	at de.fhg.fokus.ngni.broker.openpe.configuration.OpenPEConfigurationListener.config(OpenPEConfigurationListener.java:52) [classes/:na]
	at de.fhg.fokus.ngni.broker.openpe.configuration.OpenPEConfigurationListener.onInit(OpenPEConfigurationListener.java:45) [classes/:na]
	at de.fhg.fokus.ngni.broker.openpe.configuration.ServiceConfiguration.fireOnInit(ServiceConfiguration.java:305) [classes/:na]
	at de.fhg.fokus.ngni.broker.openpe.configuration.ServiceConfiguration.init(ServiceConfiguration.java:68) [classes/:na]
	at drools.test.DroolsPolicyEvaluationTest.setUp(DroolsPolicyEvaluationTest.java:108) [test-classes/:na]
	at sun.reflect.NativeMethodAccessorImpl.invoke0(Native Method) [na:1.6.0_24]
	at sun.reflect.NativeMethodAccessorImpl.invoke(NativeMethodAccessorImpl.java:39) [na:1.6.0_24]
	at sun.reflect.DelegatingMethodAccessorImpl.invoke(DelegatingMethodAccessorImpl.java:25) [na:1.6.0_24]
	at java.lang.reflect.Method.invoke(Method.java:597) [na:1.6.0_24]
	at org.junit.runners.model.FrameworkMethod$1.runReflectiveCall(FrameworkMethod.java:44) [junit-4.8.2.jar:na]
	at org.junit.internal.runners.model.ReflectiveCallable.run(ReflectiveCallable.java:15) [junit-4.8.2.jar:na]
	at org.junit.runners.model.FrameworkMethod.invokeExplosively(FrameworkMethod.java:41) [junit-4.8.2.jar:na]
	at org.junit.internal.runners.statements.RunBefores.evaluate(RunBefores.java:27) [junit-4.8.2.jar:na]
	at org.junit.runners.BlockJUnit4ClassRunner.runNotIgnored(BlockJUnit4ClassRunner.java:79) [junit-4.8.2.jar:na]
	at org.junit.runners.BlockJUnit4ClassRunner.runChild(BlockJUnit4ClassRunner.java:71) [junit-4.8.2.jar:na]
	at org.junit.runners.BlockJUnit4ClassRunner.runChild(BlockJUnit4ClassRunner.java:49) [junit-4.8.2.jar:na]
	at org.junit.runners.ParentRunner$3.run(ParentRunner.java:193) [junit-4.8.2.jar:na]
	at org.junit.runners.ParentRunner$1.schedule(ParentRunner.java:52) [junit-4.8.2.jar:na]
	at org.junit.runners.ParentRunner.runChildren(ParentRunner.java:191) [junit-4.8.2.jar:na]
	at org.junit.runners.ParentRunner.access$000(ParentRunner.java:42) [junit-4.8.2.jar:na]
	at org.junit.runners.ParentRunner$2.evaluate(ParentRunner.java:184) [junit-4.8.2.jar:na]
	at org.junit.runners.ParentRunner.run(ParentRunner.java:236) [junit-4.8.2.jar:na]
	at org.eclipse.jdt.internal.junit4.runner.JUnit4TestReference.run(JUnit4TestReference.java:49) [.cp/:na]
	at org.eclipse.jdt.internal.junit.runner.TestExecution.run(TestExecution.java:38) [.cp/:na]
	at org.eclipse.jdt.internal.junit.runner.RemoteTestRunner.runTests(RemoteTestRunner.java:467) [.cp/:na]
	at org.eclipse.jdt.internal.junit.runner.RemoteTestRunner.runTests(RemoteTestRunner.java:683) [.cp/:na]
	at org.eclipse.jdt.internal.junit.runner.RemoteTestRunner.run(RemoteTestRunner.java:390) [.cp/:na]
	at org.eclipse.jdt.internal.junit.runner.RemoteTestRunner.main(RemoteTestRunner.java:197) [.cp/:na]
Caused by: javax.naming.NoInitialContextException: Need to specify class name in environment or system property, or as an applet parameter, or in an application resource file:  java.naming.factory.initial
	at javax.naming.spi.NamingManager.getInitialContext(NamingManager.java:645) [na:1.6.0_24]
	at javax.naming.InitialContext.getDefaultInitCtx(InitialContext.java:288) [na:1.6.0_24]
	at javax.naming.InitialContext.getURLOrDefaultInitCtx(InitialContext.java:325) [na:1.6.0_24]
	at javax.naming.InitialContext.lookup(InitialContext.java:392) [na:1.6.0_24]
	at javax.naming.InitialContext.doLookup(InitialContext.java:265) [na:1.6.0_24]
	at de.fhg.fokus.ngni.broker.openpe.db.drools.impl.DrlPolicyRepositoryImpl.config(DrlPolicyRepositoryImpl.java:50) [classes/:na]
	... 30 common frames omitted
18:23:18,[OpenPE],DEBUG,[de.fhg.fokus.ngni.broker.openpe.context.impl.RuleActionsRegistryImpl:25] - Just actions which explicit register will be taken into consideration
18:23:18,[OpenPE],ERROR,[de.fhg.fokus.ngni.broker.openpe.configuration.OpenPEConfiguration:57] - Lookup failed for: []jdbc/PE_JNDI
de.fhg.fokus.ngni.broker.openpe.context.ConfigurationException: Lookup failed for: []jdbc/PE_JNDI
	at de.fhg.fokus.ngni.broker.openpe.db.drools.impl.DrlPolicyRepositoryImpl.config(DrlPolicyRepositoryImpl.java:53) [classes/:na]
	at de.fhg.fokus.ngni.broker.openpe.db.impl.PolicyRepositoryManagerImpl.config(PolicyRepositoryManagerImpl.java:25) [classes/:na]
	at de.fhg.fokus.ngni.broker.openpe.context.impl.OpenPEContextImpl.configRepos(OpenPEContextImpl.java:110) [classes/:na]
	at de.fhg.fokus.ngni.broker.openpe.configuration.OpenPEConfigurationListener.config(OpenPEConfigurationListener.java:52) [classes/:na]
	at de.fhg.fokus.ngni.broker.openpe.configuration.OpenPEConfigurationListener.onInit(OpenPEConfigurationListener.java:45) [classes/:na]
	at de.fhg.fokus.ngni.broker.openpe.configuration.ServiceConfiguration.fireOnInit(ServiceConfiguration.java:305) [classes/:na]
	at de.fhg.fokus.ngni.broker.openpe.configuration.ServiceConfiguration.init(ServiceConfiguration.java:68) [classes/:na]
	at drools.test.DroolsPolicyEvaluationTest.setUp(DroolsPolicyEvaluationTest.java:108) [test-classes/:na]
	at sun.reflect.NativeMethodAccessorImpl.invoke0(Native Method) [na:1.6.0_24]
	at sun.reflect.NativeMethodAccessorImpl.invoke(NativeMethodAccessorImpl.java:39) [na:1.6.0_24]
	at sun.reflect.DelegatingMethodAccessorImpl.invoke(DelegatingMethodAccessorImpl.java:25) [na:1.6.0_24]
	at java.lang.reflect.Method.invoke(Method.java:597) [na:1.6.0_24]
	at org.junit.runners.model.FrameworkMethod$1.runReflectiveCall(FrameworkMethod.java:44) [junit-4.8.2.jar:na]
	at org.junit.internal.runners.model.ReflectiveCallable.run(ReflectiveCallable.java:15) [junit-4.8.2.jar:na]
	at org.junit.runners.model.FrameworkMethod.invokeExplosively(FrameworkMethod.java:41) [junit-4.8.2.jar:na]
	at org.junit.internal.runners.statements.RunBefores.evaluate(RunBefores.java:27) [junit-4.8.2.jar:na]
	at org.junit.runners.BlockJUnit4ClassRunner.runNotIgnored(BlockJUnit4ClassRunner.java:79) [junit-4.8.2.jar:na]
	at org.junit.runners.BlockJUnit4ClassRunner.runChild(BlockJUnit4ClassRunner.java:71) [junit-4.8.2.jar:na]
	at org.junit.runners.BlockJUnit4ClassRunner.runChild(BlockJUnit4ClassRunner.java:49) [junit-4.8.2.jar:na]
	at org.junit.runners.ParentRunner$3.run(ParentRunner.java:193) [junit-4.8.2.jar:na]
	at org.junit.runners.ParentRunner$1.schedule(ParentRunner.java:52) [junit-4.8.2.jar:na]
	at org.junit.runners.ParentRunner.runChildren(ParentRunner.java:191) [junit-4.8.2.jar:na]
	at org.junit.runners.ParentRunner.access$000(ParentRunner.java:42) [junit-4.8.2.jar:na]
	at org.junit.runners.ParentRunner$2.evaluate(ParentRunner.java:184) [junit-4.8.2.jar:na]
	at org.junit.runners.ParentRunner.run(ParentRunner.java:236) [junit-4.8.2.jar:na]
	at org.eclipse.jdt.internal.junit4.runner.JUnit4TestReference.run(JUnit4TestReference.java:49) [.cp/:na]
	at org.eclipse.jdt.internal.junit.runner.TestExecution.run(TestExecution.java:38) [.cp/:na]
	at org.eclipse.jdt.internal.junit.runner.RemoteTestRunner.runTests(RemoteTestRunner.java:467) [.cp/:na]
	at org.eclipse.jdt.internal.junit.runner.RemoteTestRunner.runTests(RemoteTestRunner.java:683) [.cp/:na]
	at org.eclipse.jdt.internal.junit.runner.RemoteTestRunner.run(RemoteTestRunner.java:390) [.cp/:na]
	at org.eclipse.jdt.internal.junit.runner.RemoteTestRunner.main(RemoteTestRunner.java:197) [.cp/:na]
Caused by: javax.naming.NoInitialContextException: Need to specify class name in environment or system property, or as an applet parameter, or in an application resource file:  java.naming.factory.initial
	at javax.naming.spi.NamingManager.getInitialContext(NamingManager.java:645) [na:1.6.0_24]
	at javax.naming.InitialContext.getDefaultInitCtx(InitialContext.java:288) [na:1.6.0_24]
	at javax.naming.InitialContext.getURLOrDefaultInitCtx(InitialContext.java:325) [na:1.6.0_24]
	at javax.naming.InitialContext.lookup(InitialContext.java:392) [na:1.6.0_24]
	at javax.naming.InitialContext.doLookup(InitialContext.java:265) [na:1.6.0_24]
	at de.fhg.fokus.ngni.broker.openpe.db.drools.impl.DrlPolicyRepositoryImpl.config(DrlPolicyRepositoryImpl.java:50) [classes/:na]
	... 30 common frames omitted
18:24:20,[OpenPE],DEBUG,[de.fhg.fokus.ngni.broker.openpe.context.impl.RuleActionsRegistryImpl:25] - Just actions which explicit register will be taken into consideration
18:24:20,[OpenPE],ERROR,[de.fhg.fokus.ngni.broker.openpe.configuration.OpenPEConfiguration:57] - Lookup failed for: []jdbc/PE_JNDI
de.fhg.fokus.ngni.broker.openpe.context.ConfigurationException: Lookup failed for: []jdbc/PE_JNDI
	at de.fhg.fokus.ngni.broker.openpe.db.drools.impl.DrlPolicyRepositoryImpl.config(DrlPolicyRepositoryImpl.java:53) [classes/:na]
	at de.fhg.fokus.ngni.broker.openpe.db.impl.PolicyRepositoryManagerImpl.config(PolicyRepositoryManagerImpl.java:25) [classes/:na]
	at de.fhg.fokus.ngni.broker.openpe.context.impl.OpenPEContextImpl.configRepos(OpenPEContextImpl.java:110) [classes/:na]
	at de.fhg.fokus.ngni.broker.openpe.configuration.OpenPEConfigurationListener.config(OpenPEConfigurationListener.java:52) [classes/:na]
	at de.fhg.fokus.ngni.broker.openpe.configuration.OpenPEConfigurationListener.onInit(OpenPEConfigurationListener.java:45) [classes/:na]
	at de.fhg.fokus.ngni.broker.openpe.configuration.ServiceConfiguration.fireOnInit(ServiceConfiguration.java:305) [classes/:na]
	at de.fhg.fokus.ngni.broker.openpe.configuration.ServiceConfiguration.init(ServiceConfiguration.java:68) [classes/:na]
	at drools.test.DroolsPolicyEvaluationTest.setUp(DroolsPolicyEvaluationTest.java:108) [test-classes/:na]
	at sun.reflect.NativeMethodAccessorImpl.invoke0(Native Method) [na:1.6.0_24]
	at sun.reflect.NativeMethodAccessorImpl.invoke(NativeMethodAccessorImpl.java:39) [na:1.6.0_24]
	at sun.reflect.DelegatingMethodAccessorImpl.invoke(DelegatingMethodAccessorImpl.java:25) [na:1.6.0_24]
	at java.lang.reflect.Method.invoke(Method.java:597) [na:1.6.0_24]
	at org.junit.runners.model.FrameworkMethod$1.runReflectiveCall(FrameworkMethod.java:44) [junit-4.8.2.jar:na]
	at org.junit.internal.runners.model.ReflectiveCallable.run(ReflectiveCallable.java:15) [junit-4.8.2.jar:na]
	at org.junit.runners.model.FrameworkMethod.invokeExplosively(FrameworkMethod.java:41) [junit-4.8.2.jar:na]
	at org.junit.internal.runners.statements.RunBefores.evaluate(RunBefores.java:27) [junit-4.8.2.jar:na]
	at org.junit.runners.BlockJUnit4ClassRunner.runNotIgnored(BlockJUnit4ClassRunner.java:79) [junit-4.8.2.jar:na]
	at org.junit.runners.BlockJUnit4ClassRunner.runChild(BlockJUnit4ClassRunner.java:71) [junit-4.8.2.jar:na]
	at org.junit.runners.BlockJUnit4ClassRunner.runChild(BlockJUnit4ClassRunner.java:49) [junit-4.8.2.jar:na]
	at org.junit.runners.ParentRunner$3.run(ParentRunner.java:193) [junit-4.8.2.jar:na]
	at org.junit.runners.ParentRunner$1.schedule(ParentRunner.java:52) [junit-4.8.2.jar:na]
	at org.junit.runners.ParentRunner.runChildren(ParentRunner.java:191) [junit-4.8.2.jar:na]
	at org.junit.runners.ParentRunner.access$000(ParentRunner.java:42) [junit-4.8.2.jar:na]
	at org.junit.runners.ParentRunner$2.evaluate(ParentRunner.java:184) [junit-4.8.2.jar:na]
	at org.junit.runners.ParentRunner.run(ParentRunner.java:236) [junit-4.8.2.jar:na]
	at org.eclipse.jdt.internal.junit4.runner.JUnit4TestReference.run(JUnit4TestReference.java:49) [.cp/:na]
	at org.eclipse.jdt.internal.junit.runner.TestExecution.run(TestExecution.java:38) [.cp/:na]
	at org.eclipse.jdt.internal.junit.runner.RemoteTestRunner.runTests(RemoteTestRunner.java:467) [.cp/:na]
	at org.eclipse.jdt.internal.junit.runner.RemoteTestRunner.runTests(RemoteTestRunner.java:683) [.cp/:na]
	at org.eclipse.jdt.internal.junit.runner.RemoteTestRunner.run(RemoteTestRunner.java:390) [.cp/:na]
	at org.eclipse.jdt.internal.junit.runner.RemoteTestRunner.main(RemoteTestRunner.java:197) [.cp/:na]
Caused by: javax.naming.NoInitialContextException: Need to specify class name in environment or system property, or as an applet parameter, or in an application resource file:  java.naming.factory.initial
	at javax.naming.spi.NamingManager.getInitialContext(NamingManager.java:645) [na:1.6.0_24]
	at javax.naming.InitialContext.getDefaultInitCtx(InitialContext.java:288) [na:1.6.0_24]
	at javax.naming.InitialContext.getURLOrDefaultInitCtx(InitialContext.java:325) [na:1.6.0_24]
	at javax.naming.InitialContext.lookup(InitialContext.java:392) [na:1.6.0_24]
	at javax.naming.InitialContext.doLookup(InitialContext.java:265) [na:1.6.0_24]
	at de.fhg.fokus.ngni.broker.openpe.db.drools.impl.DrlPolicyRepositoryImpl.config(DrlPolicyRepositoryImpl.java:50) [classes/:na]
	... 30 common frames omitted
18:32:52,[OpenPE],DEBUG,[de.fhg.fokus.ngni.broker.openpe.context.impl.RuleActionsRegistryImpl:25] - Just actions which explicit register will be taken into consideration
18:32:52,[OpenPE],ERROR,[de.fhg.fokus.ngni.broker.openpe.configuration.OpenPEConfiguration:57] - Lookup failed for: []jdbc/PE_JNDI
de.fhg.fokus.ngni.broker.openpe.context.ConfigurationException: Lookup failed for: []jdbc/PE_JNDI
	at de.fhg.fokus.ngni.broker.openpe.db.drools.impl.DrlPolicyRepositoryImpl.config(DrlPolicyRepositoryImpl.java:53) [classes/:na]
	at de.fhg.fokus.ngni.broker.openpe.db.impl.PolicyRepositoryManagerImpl.config(PolicyRepositoryManagerImpl.java:25) [classes/:na]
	at de.fhg.fokus.ngni.broker.openpe.context.impl.OpenPEContextImpl.configRepos(OpenPEContextImpl.java:110) [classes/:na]
	at de.fhg.fokus.ngni.broker.openpe.configuration.OpenPEConfigurationListener.config(OpenPEConfigurationListener.java:52) [classes/:na]
	at de.fhg.fokus.ngni.broker.openpe.configuration.OpenPEConfigurationListener.onInit(OpenPEConfigurationListener.java:45) [classes/:na]
	at de.fhg.fokus.ngni.broker.openpe.configuration.ServiceConfiguration.fireOnInit(ServiceConfiguration.java:305) [classes/:na]
	at de.fhg.fokus.ngni.broker.openpe.configuration.ServiceConfiguration.init(ServiceConfiguration.java:68) [classes/:na]
	at drools.test.DroolsPolicyEvaluationTest.setUp(DroolsPolicyEvaluationTest.java:108) [test-classes/:na]
	at sun.reflect.NativeMethodAccessorImpl.invoke0(Native Method) [na:1.6.0_24]
	at sun.reflect.NativeMethodAccessorImpl.invoke(NativeMethodAccessorImpl.java:39) [na:1.6.0_24]
	at sun.reflect.DelegatingMethodAccessorImpl.invoke(DelegatingMethodAccessorImpl.java:25) [na:1.6.0_24]
	at java.lang.reflect.Method.invoke(Method.java:597) [na:1.6.0_24]
	at org.junit.runners.model.FrameworkMethod$1.runReflectiveCall(FrameworkMethod.java:44) [junit-4.8.2.jar:na]
	at org.junit.internal.runners.model.ReflectiveCallable.run(ReflectiveCallable.java:15) [junit-4.8.2.jar:na]
	at org.junit.runners.model.FrameworkMethod.invokeExplosively(FrameworkMethod.java:41) [junit-4.8.2.jar:na]
	at org.junit.internal.runners.statements.RunBefores.evaluate(RunBefores.java:27) [junit-4.8.2.jar:na]
	at org.junit.runners.BlockJUnit4ClassRunner.runNotIgnored(BlockJUnit4ClassRunner.java:79) [junit-4.8.2.jar:na]
	at org.junit.runners.BlockJUnit4ClassRunner.runChild(BlockJUnit4ClassRunner.java:71) [junit-4.8.2.jar:na]
	at org.junit.runners.BlockJUnit4ClassRunner.runChild(BlockJUnit4ClassRunner.java:49) [junit-4.8.2.jar:na]
	at org.junit.runners.ParentRunner$3.run(ParentRunner.java:193) [junit-4.8.2.jar:na]
	at org.junit.runners.ParentRunner$1.schedule(ParentRunner.java:52) [junit-4.8.2.jar:na]
	at org.junit.runners.ParentRunner.runChildren(ParentRunner.java:191) [junit-4.8.2.jar:na]
	at org.junit.runners.ParentRunner.access$000(ParentRunner.java:42) [junit-4.8.2.jar:na]
	at org.junit.runners.ParentRunner$2.evaluate(ParentRunner.java:184) [junit-4.8.2.jar:na]
	at org.junit.runners.ParentRunner.run(ParentRunner.java:236) [junit-4.8.2.jar:na]
	at org.eclipse.jdt.internal.junit4.runner.JUnit4TestReference.run(JUnit4TestReference.java:49) [.cp/:na]
	at org.eclipse.jdt.internal.junit.runner.TestExecution.run(TestExecution.java:38) [.cp/:na]
	at org.eclipse.jdt.internal.junit.runner.RemoteTestRunner.runTests(RemoteTestRunner.java:467) [.cp/:na]
	at org.eclipse.jdt.internal.junit.runner.RemoteTestRunner.runTests(RemoteTestRunner.java:683) [.cp/:na]
	at org.eclipse.jdt.internal.junit.runner.RemoteTestRunner.run(RemoteTestRunner.java:390) [.cp/:na]
	at org.eclipse.jdt.internal.junit.runner.RemoteTestRunner.main(RemoteTestRunner.java:197) [.cp/:na]
Caused by: javax.naming.NoInitialContextException: Need to specify class name in environment or system property, or as an applet parameter, or in an application resource file:  java.naming.factory.initial
	at javax.naming.spi.NamingManager.getInitialContext(NamingManager.java:645) [na:1.6.0_24]
	at javax.naming.InitialContext.getDefaultInitCtx(InitialContext.java:288) [na:1.6.0_24]
	at javax.naming.InitialContext.getURLOrDefaultInitCtx(InitialContext.java:325) [na:1.6.0_24]
	at javax.naming.InitialContext.lookup(InitialContext.java:392) [na:1.6.0_24]
	at javax.naming.InitialContext.doLookup(InitialContext.java:265) [na:1.6.0_24]
	at de.fhg.fokus.ngni.broker.openpe.db.drools.impl.DrlPolicyRepositoryImpl.config(DrlPolicyRepositoryImpl.java:50) [classes/:na]
	... 30 common frames omitted
18:32:55,[OpenPE],INFO,[de.fhg.fokus.ngni.openpe.action.drl.doprint.DoPrintEnforcer:29] - Ce faci tu?
18:32:55,[OpenPE],ERROR,[de.fhg.fokus.ngni.broker.eval.drools.DrlPolicyEvaluationImpl:93] - Message has been ALLOWED
18:32:55,[OpenPE],DEBUG,[de.fhg.fokus.ngni.openpe.action.drl.denyrequest.DenyRequestEnforcer:33] - Denied because Because of the user
18:32:55,[OpenPE],ERROR,[de.fhg.fokus.ngni.broker.eval.drools.DrlPolicyEvaluationImpl:98] - Message has been DENIED
18:52:06,[OpenPE],DEBUG,[de.fhg.fokus.ngni.broker.openpe.context.impl.RuleActionsRegistryImpl:25] - Just actions which explicit register will be taken into consideration
18:52:06,[OpenPE],ERROR,[de.fhg.fokus.ngni.broker.openpe.configuration.OpenPEConfiguration:57] - Lookup failed for: []jdbc/PE_JNDI
de.fhg.fokus.ngni.broker.openpe.context.ConfigurationException: Lookup failed for: []jdbc/PE_JNDI
	at de.fhg.fokus.ngni.broker.openpe.db.drools.impl.DrlPolicyRepositoryImpl.config(DrlPolicyRepositoryImpl.java:53) [classes/:na]
	at de.fhg.fokus.ngni.broker.openpe.db.impl.PolicyRepositoryManagerImpl.config(PolicyRepositoryManagerImpl.java:25) [classes/:na]
	at de.fhg.fokus.ngni.broker.openpe.context.impl.OpenPEContextImpl.configRepos(OpenPEContextImpl.java:110) [classes/:na]
	at de.fhg.fokus.ngni.broker.openpe.configuration.OpenPEConfigurationListener.config(OpenPEConfigurationListener.java:52) [classes/:na]
	at de.fhg.fokus.ngni.broker.openpe.configuration.OpenPEConfigurationListener.onInit(OpenPEConfigurationListener.java:45) [classes/:na]
	at de.fhg.fokus.ngni.broker.openpe.configuration.ServiceConfiguration.fireOnInit(ServiceConfiguration.java:305) [classes/:na]
	at de.fhg.fokus.ngni.broker.openpe.configuration.ServiceConfiguration.init(ServiceConfiguration.java:68) [classes/:na]
	at drools.test.DroolsPolicyEvaluationTest.setUp(DroolsPolicyEvaluationTest.java:108) [test-classes/:na]
	at sun.reflect.NativeMethodAccessorImpl.invoke0(Native Method) [na:1.6.0_24]
	at sun.reflect.NativeMethodAccessorImpl.invoke(NativeMethodAccessorImpl.java:39) [na:1.6.0_24]
	at sun.reflect.DelegatingMethodAccessorImpl.invoke(DelegatingMethodAccessorImpl.java:25) [na:1.6.0_24]
	at java.lang.reflect.Method.invoke(Method.java:597) [na:1.6.0_24]
	at org.junit.runners.model.FrameworkMethod$1.runReflectiveCall(FrameworkMethod.java:44) [junit-4.8.2.jar:na]
	at org.junit.internal.runners.model.ReflectiveCallable.run(ReflectiveCallable.java:15) [junit-4.8.2.jar:na]
	at org.junit.runners.model.FrameworkMethod.invokeExplosively(FrameworkMethod.java:41) [junit-4.8.2.jar:na]
	at org.junit.internal.runners.statements.RunBefores.evaluate(RunBefores.java:27) [junit-4.8.2.jar:na]
	at org.junit.runners.BlockJUnit4ClassRunner.runNotIgnored(BlockJUnit4ClassRunner.java:79) [junit-4.8.2.jar:na]
	at org.junit.runners.BlockJUnit4ClassRunner.runChild(BlockJUnit4ClassRunner.java:71) [junit-4.8.2.jar:na]
	at org.junit.runners.BlockJUnit4ClassRunner.runChild(BlockJUnit4ClassRunner.java:49) [junit-4.8.2.jar:na]
	at org.junit.runners.ParentRunner$3.run(ParentRunner.java:193) [junit-4.8.2.jar:na]
	at org.junit.runners.ParentRunner$1.schedule(ParentRunner.java:52) [junit-4.8.2.jar:na]
	at org.junit.runners.ParentRunner.runChildren(ParentRunner.java:191) [junit-4.8.2.jar:na]
	at org.junit.runners.ParentRunner.access$000(ParentRunner.java:42) [junit-4.8.2.jar:na]
	at org.junit.runners.ParentRunner$2.evaluate(ParentRunner.java:184) [junit-4.8.2.jar:na]
	at org.junit.runners.ParentRunner.run(ParentRunner.java:236) [junit-4.8.2.jar:na]
	at org.eclipse.jdt.internal.junit4.runner.JUnit4TestReference.run(JUnit4TestReference.java:49) [.cp/:na]
	at org.eclipse.jdt.internal.junit.runner.TestExecution.run(TestExecution.java:38) [.cp/:na]
	at org.eclipse.jdt.internal.junit.runner.RemoteTestRunner.runTests(RemoteTestRunner.java:467) [.cp/:na]
	at org.eclipse.jdt.internal.junit.runner.RemoteTestRunner.runTests(RemoteTestRunner.java:683) [.cp/:na]
	at org.eclipse.jdt.internal.junit.runner.RemoteTestRunner.run(RemoteTestRunner.java:390) [.cp/:na]
	at org.eclipse.jdt.internal.junit.runner.RemoteTestRunner.main(RemoteTestRunner.java:197) [.cp/:na]
Caused by: javax.naming.NoInitialContextException: Need to specify class name in environment or system property, or as an applet parameter, or in an application resource file:  java.naming.factory.initial
	at javax.naming.spi.NamingManager.getInitialContext(NamingManager.java:645) [na:1.6.0_24]
	at javax.naming.InitialContext.getDefaultInitCtx(InitialContext.java:288) [na:1.6.0_24]
	at javax.naming.InitialContext.getURLOrDefaultInitCtx(InitialContext.java:325) [na:1.6.0_24]
	at javax.naming.InitialContext.lookup(InitialContext.java:392) [na:1.6.0_24]
	at javax.naming.InitialContext.doLookup(InitialContext.java:265) [na:1.6.0_24]
	at de.fhg.fokus.ngni.broker.openpe.db.drools.impl.DrlPolicyRepositoryImpl.config(DrlPolicyRepositoryImpl.java:50) [classes/:na]
	... 30 common frames omitted
18:52:08,[OpenPE],INFO,[de.fhg.fokus.ngni.openpe.action.drl.doprint.DoPrintEnforcer:29] - Ce faci tu?
18:52:08,[OpenPE],INFO,[de.fhg.fokus.ngni.openpe.action.drl.doprint.DoPrintEnforcer:29] - Ce faci tu?
18:52:08,[OpenPE],ERROR,[de.fhg.fokus.ngni.broker.eval.drools.DrlPolicyEvaluationImpl:93] - Message has been ALLOWED
18:52:09,[OpenPE],DEBUG,[de.fhg.fokus.ngni.openpe.action.drl.denyrequest.DenyRequestEnforcer:33] - Denied because Because of the user
18:52:09,[OpenPE],ERROR,[de.fhg.fokus.ngni.broker.eval.drools.DrlPolicyEvaluationImpl:98] - Message has been DENIED
17:05:46,[OpenPE],DEBUG,[de.fhg.fokus.ngni.broker.openpe.context.impl.RuleActionsRegistryImpl:25] - Just actions which explicit register will be taken into consideration
17:05:46,[OpenPE],ERROR,[de.fhg.fokus.ngni.broker.openpe.configuration.OpenPEConfiguration:57] - Lookup failed for: []jdbc/PE_JNDI
de.fhg.fokus.ngni.broker.openpe.context.ConfigurationException: Lookup failed for: []jdbc/PE_JNDI
	at de.fhg.fokus.ngni.broker.openpe.db.drools.impl.DrlPolicyRepositoryImpl.config(DrlPolicyRepositoryImpl.java:53) [classes/:na]
	at de.fhg.fokus.ngni.broker.openpe.db.impl.PolicyRepositoryManagerImpl.config(PolicyRepositoryManagerImpl.java:25) [classes/:na]
	at de.fhg.fokus.ngni.broker.openpe.context.impl.OpenPEContextImpl.configRepos(OpenPEContextImpl.java:110) [classes/:na]
	at de.fhg.fokus.ngni.broker.openpe.configuration.OpenPEConfigurationListener.config(OpenPEConfigurationListener.java:52) [classes/:na]
	at de.fhg.fokus.ngni.broker.openpe.configuration.OpenPEConfigurationListener.onInit(OpenPEConfigurationListener.java:45) [classes/:na]
	at de.fhg.fokus.ngni.broker.openpe.configuration.ServiceConfiguration.fireOnInit(ServiceConfiguration.java:305) [classes/:na]
	at de.fhg.fokus.ngni.broker.openpe.configuration.ServiceConfiguration.init(ServiceConfiguration.java:68) [classes/:na]
	at drools.test.DroolsPolicyEvaluationTest.setUp(DroolsPolicyEvaluationTest.java:108) [test-classes/:na]
	at sun.reflect.NativeMethodAccessorImpl.invoke0(Native Method) [na:1.6.0_24]
	at sun.reflect.NativeMethodAccessorImpl.invoke(NativeMethodAccessorImpl.java:39) [na:1.6.0_24]
	at sun.reflect.DelegatingMethodAccessorImpl.invoke(DelegatingMethodAccessorImpl.java:25) [na:1.6.0_24]
	at java.lang.reflect.Method.invoke(Method.java:597) [na:1.6.0_24]
	at org.junit.runners.model.FrameworkMethod$1.runReflectiveCall(FrameworkMethod.java:44) [junit-4.8.2.jar:na]
	at org.junit.internal.runners.model.ReflectiveCallable.run(ReflectiveCallable.java:15) [junit-4.8.2.jar:na]
	at org.junit.runners.model.FrameworkMethod.invokeExplosively(FrameworkMethod.java:41) [junit-4.8.2.jar:na]
	at org.junit.internal.runners.statements.RunBefores.evaluate(RunBefores.java:27) [junit-4.8.2.jar:na]
	at org.junit.runners.BlockJUnit4ClassRunner.runNotIgnored(BlockJUnit4ClassRunner.java:79) [junit-4.8.2.jar:na]
	at org.junit.runners.BlockJUnit4ClassRunner.runChild(BlockJUnit4ClassRunner.java:71) [junit-4.8.2.jar:na]
	at org.junit.runners.BlockJUnit4ClassRunner.runChild(BlockJUnit4ClassRunner.java:49) [junit-4.8.2.jar:na]
	at org.junit.runners.ParentRunner$3.run(ParentRunner.java:193) [junit-4.8.2.jar:na]
	at org.junit.runners.ParentRunner$1.schedule(ParentRunner.java:52) [junit-4.8.2.jar:na]
	at org.junit.runners.ParentRunner.runChildren(ParentRunner.java:191) [junit-4.8.2.jar:na]
	at org.junit.runners.ParentRunner.access$000(ParentRunner.java:42) [junit-4.8.2.jar:na]
	at org.junit.runners.ParentRunner$2.evaluate(ParentRunner.java:184) [junit-4.8.2.jar:na]
	at org.junit.runners.ParentRunner.run(ParentRunner.java:236) [junit-4.8.2.jar:na]
	at org.eclipse.jdt.internal.junit4.runner.JUnit4TestReference.run(JUnit4TestReference.java:49) [.cp/:na]
	at org.eclipse.jdt.internal.junit.runner.TestExecution.run(TestExecution.java:38) [.cp/:na]
	at org.eclipse.jdt.internal.junit.runner.RemoteTestRunner.runTests(RemoteTestRunner.java:467) [.cp/:na]
	at org.eclipse.jdt.internal.junit.runner.RemoteTestRunner.runTests(RemoteTestRunner.java:683) [.cp/:na]
	at org.eclipse.jdt.internal.junit.runner.RemoteTestRunner.run(RemoteTestRunner.java:390) [.cp/:na]
	at org.eclipse.jdt.internal.junit.runner.RemoteTestRunner.main(RemoteTestRunner.java:197) [.cp/:na]
Caused by: javax.naming.NoInitialContextException: Need to specify class name in environment or system property, or as an applet parameter, or in an application resource file:  java.naming.factory.initial
	at javax.naming.spi.NamingManager.getInitialContext(NamingManager.java:645) [na:1.6.0_24]
	at javax.naming.InitialContext.getDefaultInitCtx(InitialContext.java:288) [na:1.6.0_24]
	at javax.naming.InitialContext.getURLOrDefaultInitCtx(InitialContext.java:325) [na:1.6.0_24]
	at javax.naming.InitialContext.lookup(InitialContext.java:392) [na:1.6.0_24]
	at javax.naming.InitialContext.doLookup(InitialContext.java:265) [na:1.6.0_24]
	at de.fhg.fokus.ngni.broker.openpe.db.drools.impl.DrlPolicyRepositoryImpl.config(DrlPolicyRepositoryImpl.java:50) [classes/:na]
	... 30 common frames omitted
17:05:50,[OpenPE],INFO,[de.fhg.fokus.ngni.openpe.action.drl.doprint.DoPrintEnforcer:29] - Ce faci tu? test2
17:05:50,[OpenPE],INFO,[de.fhg.fokus.ngni.openpe.action.drl.doprint.DoPrintEnforcer:29] - Ce faci tu? test
17:05:50,[OpenPE],ERROR,[de.fhg.fokus.ngni.broker.eval.drools.DrlPolicyEvaluationImpl:93] - Message has been ALLOWED
17:05:50,[OpenPE],DEBUG,[de.fhg.fokus.ngni.openpe.action.drl.denyrequest.DenyRequestEnforcer:33] - Denied because Because of the user
17:05:50,[OpenPE],ERROR,[de.fhg.fokus.ngni.broker.eval.drools.DrlPolicyEvaluationImpl:98] - Message has been DENIED
16:32:11,[OpenPE],DEBUG,[de.fhg.fokus.ngni.broker.openpe.context.impl.RuleActionsRegistryImpl:25] - Just actions which explicit register will be taken into consideration
16:32:11,[OpenPE],ERROR,[de.fhg.fokus.ngni.broker.openpe.configuration.OpenPEConfiguration:57] - Lookup failed for: []jdbc/PE_JNDI
de.fhg.fokus.ngni.broker.openpe.context.ConfigurationException: Lookup failed for: []jdbc/PE_JNDI
	at de.fhg.fokus.ngni.broker.openpe.db.drools.impl.DrlPolicyRepositoryImpl.config(DrlPolicyRepositoryImpl.java:53) [classes/:na]
	at de.fhg.fokus.ngni.broker.openpe.db.impl.PolicyRepositoryManagerImpl.config(PolicyRepositoryManagerImpl.java:25) [classes/:na]
	at de.fhg.fokus.ngni.broker.openpe.context.impl.OpenPEContextImpl.configRepos(OpenPEContextImpl.java:110) [classes/:na]
	at de.fhg.fokus.ngni.broker.openpe.configuration.OpenPEConfigurationListener.config(OpenPEConfigurationListener.java:52) [classes/:na]
	at de.fhg.fokus.ngni.broker.openpe.configuration.OpenPEConfigurationListener.onInit(OpenPEConfigurationListener.java:45) [classes/:na]
	at de.fhg.fokus.ngni.broker.openpe.configuration.ServiceConfiguration.fireOnInit(ServiceConfiguration.java:305) [classes/:na]
	at de.fhg.fokus.ngni.broker.openpe.configuration.ServiceConfiguration.init(ServiceConfiguration.java:68) [classes/:na]
	at drools.test.DroolsPolicyEvaluationTest.setUp(DroolsPolicyEvaluationTest.java:108) [test-classes/:na]
	at sun.reflect.NativeMethodAccessorImpl.invoke0(Native Method) [na:1.6.0_24]
	at sun.reflect.NativeMethodAccessorImpl.invoke(NativeMethodAccessorImpl.java:39) [na:1.6.0_24]
	at sun.reflect.DelegatingMethodAccessorImpl.invoke(DelegatingMethodAccessorImpl.java:25) [na:1.6.0_24]
	at java.lang.reflect.Method.invoke(Method.java:597) [na:1.6.0_24]
	at org.junit.runners.model.FrameworkMethod$1.runReflectiveCall(FrameworkMethod.java:44) [junit-4.8.2.jar:na]
	at org.junit.internal.runners.model.ReflectiveCallable.run(ReflectiveCallable.java:15) [junit-4.8.2.jar:na]
	at org.junit.runners.model.FrameworkMethod.invokeExplosively(FrameworkMethod.java:41) [junit-4.8.2.jar:na]
	at org.junit.internal.runners.statements.RunBefores.evaluate(RunBefores.java:27) [junit-4.8.2.jar:na]
	at org.junit.runners.BlockJUnit4ClassRunner.runNotIgnored(BlockJUnit4ClassRunner.java:79) [junit-4.8.2.jar:na]
	at org.junit.runners.BlockJUnit4ClassRunner.runChild(BlockJUnit4ClassRunner.java:71) [junit-4.8.2.jar:na]
	at org.junit.runners.BlockJUnit4ClassRunner.runChild(BlockJUnit4ClassRunner.java:49) [junit-4.8.2.jar:na]
	at org.junit.runners.ParentRunner$3.run(ParentRunner.java:193) [junit-4.8.2.jar:na]
	at org.junit.runners.ParentRunner$1.schedule(ParentRunner.java:52) [junit-4.8.2.jar:na]
	at org.junit.runners.ParentRunner.runChildren(ParentRunner.java:191) [junit-4.8.2.jar:na]
	at org.junit.runners.ParentRunner.access$000(ParentRunner.java:42) [junit-4.8.2.jar:na]
	at org.junit.runners.ParentRunner$2.evaluate(ParentRunner.java:184) [junit-4.8.2.jar:na]
	at org.junit.runners.ParentRunner.run(ParentRunner.java:236) [junit-4.8.2.jar:na]
	at org.eclipse.jdt.internal.junit4.runner.JUnit4TestReference.run(JUnit4TestReference.java:49) [.cp/:na]
	at org.eclipse.jdt.internal.junit.runner.TestExecution.run(TestExecution.java:38) [.cp/:na]
	at org.eclipse.jdt.internal.junit.runner.RemoteTestRunner.runTests(RemoteTestRunner.java:467) [.cp/:na]
	at org.eclipse.jdt.internal.junit.runner.RemoteTestRunner.runTests(RemoteTestRunner.java:683) [.cp/:na]
	at org.eclipse.jdt.internal.junit.runner.RemoteTestRunner.run(RemoteTestRunner.java:390) [.cp/:na]
	at org.eclipse.jdt.internal.junit.runner.RemoteTestRunner.main(RemoteTestRunner.java:197) [.cp/:na]
Caused by: javax.naming.NoInitialContextException: Need to specify class name in environment or system property, or as an applet parameter, or in an application resource file:  java.naming.factory.initial
	at javax.naming.spi.NamingManager.getInitialContext(NamingManager.java:645) [na:1.6.0_24]
	at javax.naming.InitialContext.getDefaultInitCtx(InitialContext.java:288) [na:1.6.0_24]
	at javax.naming.InitialContext.getURLOrDefaultInitCtx(InitialContext.java:325) [na:1.6.0_24]
	at javax.naming.InitialContext.lookup(InitialContext.java:392) [na:1.6.0_24]
	at javax.naming.InitialContext.doLookup(InitialContext.java:265) [na:1.6.0_24]
	at de.fhg.fokus.ngni.broker.openpe.db.drools.impl.DrlPolicyRepositoryImpl.config(DrlPolicyRepositoryImpl.java:50) [classes/:na]
	... 30 common frames omitted
12:03:27,[OpenPE],DEBUG,[de.fhg.fokus.ngni.broker.openpe.context.impl.RuleActionsRegistryImpl:25] - Just actions which explicit register will be taken into consideration
12:03:27,[OpenPE],ERROR,[de.fhg.fokus.ngni.broker.openpe.configuration.OpenPEConfiguration:57] - Lookup failed for: []jdbc/PE_JNDI
de.fhg.fokus.ngni.broker.openpe.context.ConfigurationException: Lookup failed for: []jdbc/PE_JNDI
	at de.fhg.fokus.ngni.broker.openpe.db.drools.impl.DrlPolicyRepositoryImpl.config(DrlPolicyRepositoryImpl.java:53) [broker.openpe.db_mysql.drools-1.0-SNAPSHOT.jar:na]
	at de.fhg.fokus.ngni.broker.openpe.db.impl.PolicyRepositoryManagerImpl.config(PolicyRepositoryManagerImpl.java:25) [broker.openpe.common_impl-1.0-SNAPSHOT.jar:na]
	at de.fhg.fokus.ngni.broker.openpe.context.impl.OpenPEContextImpl.configRepos(OpenPEContextImpl.java:110) [broker.openpe.common_impl-1.0-SNAPSHOT.jar:na]
	at de.fhg.fokus.ngni.broker.openpe.configuration.OpenPEConfigurationListener.config(OpenPEConfigurationListener.java:52) [broker.openpe.configuration-1.0-SNAPSHOT.jar:na]
	at de.fhg.fokus.ngni.broker.openpe.configuration.OpenPEConfigurationListener.onInit(OpenPEConfigurationListener.java:45) [broker.openpe.configuration-1.0-SNAPSHOT.jar:na]
	at de.fhg.fokus.ngni.broker.openpe.configuration.ServiceConfiguration.fireOnInit(ServiceConfiguration.java:305) [broker.openpe.configuration-1.0-SNAPSHOT.jar:na]
	at de.fhg.fokus.ngni.broker.openpe.configuration.ServiceConfiguration.init(ServiceConfiguration.java:68) [broker.openpe.configuration-1.0-SNAPSHOT.jar:na]
	at drools.test.DroolsPolicyEvaluationTest.setUp(DroolsPolicyEvaluationTest.java:108) [test-classes/:na]
	at sun.reflect.NativeMethodAccessorImpl.invoke0(Native Method) [na:1.6.0_24]
	at sun.reflect.NativeMethodAccessorImpl.invoke(NativeMethodAccessorImpl.java:39) [na:1.6.0_24]
	at sun.reflect.DelegatingMethodAccessorImpl.invoke(DelegatingMethodAccessorImpl.java:25) [na:1.6.0_24]
	at java.lang.reflect.Method.invoke(Method.java:597) [na:1.6.0_24]
	at org.junit.runners.model.FrameworkMethod$1.runReflectiveCall(FrameworkMethod.java:44) [junit-4.8.2.jar:na]
	at org.junit.internal.runners.model.ReflectiveCallable.run(ReflectiveCallable.java:15) [junit-4.8.2.jar:na]
	at org.junit.runners.model.FrameworkMethod.invokeExplosively(FrameworkMethod.java:41) [junit-4.8.2.jar:na]
	at org.junit.internal.runners.statements.RunBefores.evaluate(RunBefores.java:27) [junit-4.8.2.jar:na]
	at org.junit.runners.BlockJUnit4ClassRunner.runNotIgnored(BlockJUnit4ClassRunner.java:79) [junit-4.8.2.jar:na]
	at org.junit.runners.BlockJUnit4ClassRunner.runChild(BlockJUnit4ClassRunner.java:71) [junit-4.8.2.jar:na]
	at org.junit.runners.BlockJUnit4ClassRunner.runChild(BlockJUnit4ClassRunner.java:49) [junit-4.8.2.jar:na]
	at org.junit.runners.ParentRunner$3.run(ParentRunner.java:193) [junit-4.8.2.jar:na]
	at org.junit.runners.ParentRunner$1.schedule(ParentRunner.java:52) [junit-4.8.2.jar:na]
	at org.junit.runners.ParentRunner.runChildren(ParentRunner.java:191) [junit-4.8.2.jar:na]
	at org.junit.runners.ParentRunner.access$000(ParentRunner.java:42) [junit-4.8.2.jar:na]
	at org.junit.runners.ParentRunner$2.evaluate(ParentRunner.java:184) [junit-4.8.2.jar:na]
	at org.junit.runners.ParentRunner.run(ParentRunner.java:236) [junit-4.8.2.jar:na]
	at org.apache.maven.surefire.junit4.JUnit4TestSet.execute(JUnit4TestSet.java:62) [surefire-junit4-2.4.3.jar:2.4.3]
	at org.apache.maven.surefire.suite.AbstractDirectoryTestSuite.executeTestSet(AbstractDirectoryTestSuite.java:140) [surefire-api-2.4.3.jar:2.4.3]
	at org.apache.maven.surefire.suite.AbstractDirectoryTestSuite.execute(AbstractDirectoryTestSuite.java:127) [surefire-api-2.4.3.jar:2.4.3]
	at org.apache.maven.surefire.Surefire.run(Surefire.java:177) [surefire-api-2.4.3.jar:2.4.3]
	at sun.reflect.NativeMethodAccessorImpl.invoke0(Native Method) [na:1.6.0_24]
	at sun.reflect.NativeMethodAccessorImpl.invoke(NativeMethodAccessorImpl.java:39) [na:1.6.0_24]
	at sun.reflect.DelegatingMethodAccessorImpl.invoke(DelegatingMethodAccessorImpl.java:25) [na:1.6.0_24]
	at java.lang.reflect.Method.invoke(Method.java:597) [na:1.6.0_24]
	at org.apache.maven.surefire.booter.SurefireBooter.runSuitesInProcess(SurefireBooter.java:345) [surefire-booter-2.4.3.jar:2.4.3]
	at org.apache.maven.surefire.booter.SurefireBooter.main(SurefireBooter.java:1009) [surefire-booter-2.4.3.jar:2.4.3]
Caused by: javax.naming.NoInitialContextException: Need to specify class name in environment or system property, or as an applet parameter, or in an application resource file:  java.naming.factory.initial
	at javax.naming.spi.NamingManager.getInitialContext(NamingManager.java:645) [na:1.6.0_24]
	at javax.naming.InitialContext.getDefaultInitCtx(InitialContext.java:288) [na:1.6.0_24]
	at javax.naming.InitialContext.getURLOrDefaultInitCtx(InitialContext.java:325) [na:1.6.0_24]
	at javax.naming.InitialContext.lookup(InitialContext.java:392) [na:1.6.0_24]
	at javax.naming.InitialContext.doLookup(InitialContext.java:265) [na:1.6.0_24]
	at de.fhg.fokus.ngni.broker.openpe.db.drools.impl.DrlPolicyRepositoryImpl.config(DrlPolicyRepositoryImpl.java:50) [broker.openpe.db_mysql.drools-1.0-SNAPSHOT.jar:na]
	... 34 common frames omitted
12:03:30,[OpenPE],DEBUG,[de.fhg.fokus.ngni.broker.openpe.context.impl.RuleActionsRegistryImpl:25] - Just actions which explicit register will be taken into consideration
12:03:30,[OpenPE],ERROR,[de.fhg.fokus.ngni.broker.openpe.configuration.OpenPEConfiguration:57] - Lookup failed for: []jdbc/PE_JNDI
de.fhg.fokus.ngni.broker.openpe.context.ConfigurationException: Lookup failed for: []jdbc/PE_JNDI
	at de.fhg.fokus.ngni.broker.openpe.db.drools.impl.DrlPolicyRepositoryImpl.config(DrlPolicyRepositoryImpl.java:53) [broker.openpe.db_mysql.drools-1.0-SNAPSHOT.jar:na]
	at de.fhg.fokus.ngni.broker.openpe.db.impl.PolicyRepositoryManagerImpl.config(PolicyRepositoryManagerImpl.java:25) [broker.openpe.common_impl-1.0-SNAPSHOT.jar:na]
	at de.fhg.fokus.ngni.broker.openpe.context.impl.OpenPEContextImpl.configRepos(OpenPEContextImpl.java:110) [broker.openpe.common_impl-1.0-SNAPSHOT.jar:na]
	at de.fhg.fokus.ngni.broker.openpe.configuration.OpenPEConfigurationListener.config(OpenPEConfigurationListener.java:52) [broker.openpe.configuration-1.0-SNAPSHOT.jar:na]
	at de.fhg.fokus.ngni.broker.openpe.configuration.OpenPEConfigurationListener.onInit(OpenPEConfigurationListener.java:45) [broker.openpe.configuration-1.0-SNAPSHOT.jar:na]
	at de.fhg.fokus.ngni.broker.openpe.configuration.ServiceConfiguration.fireOnInit(ServiceConfiguration.java:305) [broker.openpe.configuration-1.0-SNAPSHOT.jar:na]
	at de.fhg.fokus.ngni.broker.openpe.configuration.ServiceConfiguration.init(ServiceConfiguration.java:68) [broker.openpe.configuration-1.0-SNAPSHOT.jar:na]
	at drools.test.DroolsPolicyEvaluationTest.setUp(DroolsPolicyEvaluationTest.java:108) [test-classes/:na]
	at sun.reflect.NativeMethodAccessorImpl.invoke0(Native Method) [na:1.6.0_24]
	at sun.reflect.NativeMethodAccessorImpl.invoke(NativeMethodAccessorImpl.java:39) [na:1.6.0_24]
	at sun.reflect.DelegatingMethodAccessorImpl.invoke(DelegatingMethodAccessorImpl.java:25) [na:1.6.0_24]
	at java.lang.reflect.Method.invoke(Method.java:597) [na:1.6.0_24]
	at org.junit.runners.model.FrameworkMethod$1.runReflectiveCall(FrameworkMethod.java:44) [junit-4.8.2.jar:na]
	at org.junit.internal.runners.model.ReflectiveCallable.run(ReflectiveCallable.java:15) [junit-4.8.2.jar:na]
	at org.junit.runners.model.FrameworkMethod.invokeExplosively(FrameworkMethod.java:41) [junit-4.8.2.jar:na]
	at org.junit.internal.runners.statements.RunBefores.evaluate(RunBefores.java:27) [junit-4.8.2.jar:na]
	at org.junit.runners.BlockJUnit4ClassRunner.runNotIgnored(BlockJUnit4ClassRunner.java:79) [junit-4.8.2.jar:na]
	at org.junit.runners.BlockJUnit4ClassRunner.runChild(BlockJUnit4ClassRunner.java:71) [junit-4.8.2.jar:na]
	at org.junit.runners.BlockJUnit4ClassRunner.runChild(BlockJUnit4ClassRunner.java:49) [junit-4.8.2.jar:na]
	at org.junit.runners.ParentRunner$3.run(ParentRunner.java:193) [junit-4.8.2.jar:na]
	at org.junit.runners.ParentRunner$1.schedule(ParentRunner.java:52) [junit-4.8.2.jar:na]
	at org.junit.runners.ParentRunner.runChildren(ParentRunner.java:191) [junit-4.8.2.jar:na]
	at org.junit.runners.ParentRunner.access$000(ParentRunner.java:42) [junit-4.8.2.jar:na]
	at org.junit.runners.ParentRunner$2.evaluate(ParentRunner.java:184) [junit-4.8.2.jar:na]
	at org.junit.runners.ParentRunner.run(ParentRunner.java:236) [junit-4.8.2.jar:na]
	at org.apache.maven.surefire.junit4.JUnit4TestSet.execute(JUnit4TestSet.java:62) [surefire-junit4-2.4.3.jar:2.4.3]
	at org.apache.maven.surefire.suite.AbstractDirectoryTestSuite.executeTestSet(AbstractDirectoryTestSuite.java:140) [surefire-api-2.4.3.jar:2.4.3]
	at org.apache.maven.surefire.suite.AbstractDirectoryTestSuite.execute(AbstractDirectoryTestSuite.java:127) [surefire-api-2.4.3.jar:2.4.3]
	at org.apache.maven.surefire.Surefire.run(Surefire.java:177) [surefire-api-2.4.3.jar:2.4.3]
	at sun.reflect.NativeMethodAccessorImpl.invoke0(Native Method) [na:1.6.0_24]
	at sun.reflect.NativeMethodAccessorImpl.invoke(NativeMethodAccessorImpl.java:39) [na:1.6.0_24]
	at sun.reflect.DelegatingMethodAccessorImpl.invoke(DelegatingMethodAccessorImpl.java:25) [na:1.6.0_24]
	at java.lang.reflect.Method.invoke(Method.java:597) [na:1.6.0_24]
	at org.apache.maven.surefire.booter.SurefireBooter.runSuitesInProcess(SurefireBooter.java:345) [surefire-booter-2.4.3.jar:2.4.3]
	at org.apache.maven.surefire.booter.SurefireBooter.main(SurefireBooter.java:1009) [surefire-booter-2.4.3.jar:2.4.3]
Caused by: javax.naming.NoInitialContextException: Need to specify class name in environment or system property, or as an applet parameter, or in an application resource file:  java.naming.factory.initial
	at javax.naming.spi.NamingManager.getInitialContext(NamingManager.java:645) [na:1.6.0_24]
	at javax.naming.InitialContext.getDefaultInitCtx(InitialContext.java:288) [na:1.6.0_24]
	at javax.naming.InitialContext.getURLOrDefaultInitCtx(InitialContext.java:325) [na:1.6.0_24]
	at javax.naming.InitialContext.lookup(InitialContext.java:392) [na:1.6.0_24]
	at javax.naming.InitialContext.doLookup(InitialContext.java:265) [na:1.6.0_24]
	at de.fhg.fokus.ngni.broker.openpe.db.drools.impl.DrlPolicyRepositoryImpl.config(DrlPolicyRepositoryImpl.java:50) [broker.openpe.db_mysql.drools-1.0-SNAPSHOT.jar:na]
	... 34 common frames omitted
